




<!DOCTYPE html>
<html>
<head>
	<meta charset='UTF-8' /> 
	<meta name='description' content='' />
	<meta name='robots' content='noodp, noydir' />
	<meta name='viewport' content='width=device-width, initial-scale=1' />
	<meta id="timeStampFormat" name="timeStampFormat" content='MMM d, yyyy hh:mm:ss a'/>
	
        <link href='http://fonts.googleapis.com/css?family=Source+Sans+Pro:400,600' rel='stylesheet' type='text/css' />
        <link href="http://fonts.googleapis.com/icon?family=Material+Icons" rel="stylesheet" />
        <link href='http://cdn.jsdelivr.net/gh/extent-framework/extent-github-cdn@ff53917fbbdb5ef820abbbe4d199a6942dc771ff/v3html/css/extent.css' type='text/css' rel='stylesheet' />
	
	<title>Mattel_Project</title>

	<style type='text/css'>
		/* json-tree */
		.jstBracket,.jstComma,.jstValue{white-space:pre-wrap}.jstValue{font-size:10px;font-weight:400;font-family:"Lucida Console",Monaco,monospace}.jstProperty{color:#666;word-wrap:break-word}.jstBool{color:#2525CC}.jstNum{color:#D036D0}.jstNull{color:gray}.jstStr{color:#2DB669}.jstFold:after{content:' -';cursor:pointer}.jstExpand{white-space:normal}.jstExpand:after{content:' +';cursor:pointer}.jstFolded{white-space:normal!important}.jstHiddenBlock{display:none}
			
	</style>
	
	<script type="text/javascript">
		/*! json-tree - v0.2.2 - 2017-09-25, MIT LICENSE */
		var JSONTree=function(){var n={"&":"&amp;","<":"&lt;",">":"&gt;",'"':"&quot;","'":"&#x27;","/":"&#x2F;"},t=0,r=0;this.create=function(n,t){return r+=1,N(u(n,0,!1),{class:"jstValue"})};var e=function(t){return t.replace(/[&<>'"]/g,function(t){return n[t]})},s=function(){return r+"_"+t++},u=function(n,t,r){if(null===n)return f(r?t:0);switch(typeof n){case"boolean":return l(n,r?t:0);case"number":return i(n,r?t:0);case"string":return o(n,r?t:0);default:return n instanceof Array?a(n,t,r):c(n,t,r)}},c=function(n,t,r){var e=s(),u=Object.keys(n).map(function(r){return j(r,n[r],t+1,!0)}).join(m()),c=[g("{",r?t:0,e),N(u,{id:e}),p("}",t)].join("\n");return N(c,{})},a=function(n,t,r){var e=s(),c=n.map(function(n){return u(n,t+1,!0)}).join(m());return[g("[",r?t:0,e),N(c,{id:e}),p("]",t)].join("\n")},o=function(n,t){var r=e(JSON.stringify(n));return N(v(r,t),{class:"jstStr"})},i=function(n,t){return N(v(n,t),{class:"jstNum"})},l=function(n,t){return N(v(n,t),{class:"jstBool"})},f=function(n){return N(v("null",n),{class:"jstNull"})},j=function(n,t,r){var s=v(e(JSON.stringify(n))+": ",r),c=N(u(t,r,!1),{});return N(s+c,{class:"jstProperty"})},m=function(){return N(",\n",{class:"jstComma"})},N=function(n,t){return d("span",t,n)},d=function(n,t,r){return"<"+n+Object.keys(t).map(function(n){return" "+n+'="'+t[n]+'"'}).join("")+">"+r+"</"+n+">"},g=function(n,t,r){return N(v(n,t),{class:"jstBracket"})+N("",{class:"jstFold",onclick:"JSONTree.toggle('"+r+"')"})};this.toggle=function(n){var t=document.getElementById(n),r=t.parentNode,e=t.previousElementSibling;""===t.className?(t.className="jstHiddenBlock",r.className="jstFolded",e.className="jstExpand"):(t.className="",r.className="",e.className="jstFold")};var p=function(n,t){return N(v(n,t),{})},v=function(n,t){return Array(2*t+1).join(" ")+n};return this}();
	</script>
</head>
	<body class='extent dark default hide-overflow '>
		<div id='theme-selector' alt='Click to toggle theme. To enable by default, use theme configuration.' title='Click to toggle theme. To enable by default, use theme configuration.'>
			<span><i class='material-icons'>desktop_windows</i></span>
		</div>
<nav>
	<div class="nav-wrapper">
        <a href="#!" class="brand-logo black"><img src="http://cdn.jsdelivr.net/gh/extent-framework/extent-github-cdn@ff53917fbbdb5ef820abbbe4d199a6942dc771ff/commons/img/logo.png"></a>
		<!-- slideout menu -->
		<ul id='slide-out' class='side-nav fixed hide-on-med-and-down'>
			<li class='waves-effect active'><a href='#!' view='test-view' onclick="configureView(0);chartsView('test');"><i class='material-icons'>dashboard</i></a></li>
			<li class='waves-effect'><a href='#!' view='exception-view' onclick="configureView(2)"><i class='material-icons'>bug_report</i></a></li>
			<li class='waves-effect'><a href='#!' onclick="configureView(-1);chartsView('dashboard');" view='dashboard-view'><i class='material-icons'>track_changes</i></a></li>
		</ul>
		<!-- report name -->
		<span class='report-name'>Mattel_report</span>
		<!-- report headline -->
		<span class='report-headline'></span>
		<!-- nav-right -->
		<ul id='nav-mobile' class='right hide-on-med-and-down nav-right'>
			<a href='#!'>
			<span class='label blue darken-3 suite-start-time'>Dec 13, 2023 05:46:54 PM</span>
			</a>
		</ul>
	</div>
</nav>		<!-- container -->
		<div class='container'>
<div id='test-view' class='view'>
	<section id='controls'>
		<div class='controls grey lighten-4'>
			<!-- test toggle -->
			<div class='chip transparent'>
				<a class='dropdown-button tests-toggle' data-activates='tests-toggle' data-constrainwidth='true' data-beloworigin='true' data-hover='true' href='#'>
				<i class='material-icons'>warning</i> Status
				</a>
				<ul id='tests-toggle' class='dropdown-content'>
										<li status='pass'><a href='#!'>Pass <i class='material-icons green-text'>check_circle</i></a></li>
					<li status='fail'><a href='#!'>Fail <i class='material-icons red-text'>cancel</i></a></li>
					<li class='divider'></li>
					<li status='clear' clear='true'><a href='#!'>Clear Filters <i class='material-icons'>clear</i></a></li>
				</ul>
			</div>
			<!-- test toggle -->
			<!-- category toggle -->
			<!-- category toggle -->
			<!-- clear filters -->
			<div class='chip transparent hide'>
				<a class='' id='clear-filters' alt='Clear Filters' title='Clear Filters'>
				<i class='material-icons'>close</i> Clear
				</a>
			</div>
			<!-- clear filters -->
			<!-- enable dashboard -->
			<div id='toggle-test-view-charts' class='chip transparent'>
				<a class='pink-text' id='enable-dashboard' alt='Enable Dashboard' title='Enable Dashboard'>
				<i class='material-icons'>track_changes</i> Dashboard
				</a>
			</div>
			<!-- enable dashboard -->
			<!-- search -->
			<div class='chip transparent' alt='Search Tests' title='Search Tests'>
				<a href="#" class='search-div'>
				<i class='material-icons'>search</i> Search
				</a>
				<div class='input-field left hide'>
					<input id='search-tests' type='text' class='validate browser-default' placeholder='Search Tests...'>
				</div>
			</div>
			<!-- search -->
		</div>
	</section>

<div id='test-view-charts' class='subview-full'>
    <div id='charts-row' class='row nm-v nm-h'>
        <div class='col s12 m12 l12 np-h'>
            <div class='card-panel nm-v'>
                <div class='left panel-name'>Tests</div>
                <div class='chart-box' style="max-height:94px;">
                    <canvas id='parent-analysis' width='90' height='70'></canvas>
                </div>
                <div class='block text-small'>
                    <span class='tooltipped' data-position='top' data-tooltip='$72%'>
                    <span class='strong'>8</span> tests passed</span>
                </div>
                <div class='block text-small'>
                    <span class='strong tooltipped' data-position='top' data-tooltip='27%'>
                    3</span> tests failed, 
                    <span class='strong tooltipped' data-position='top' data-tooltip='0%'>
                    0</span> skipped
                </div>
            </div>
        </div>
    </div>
    <div id="timeline-chart" class="row nm-v nm-h">
        <div class="col s12 m12 l12 np-h">
            <div class="card-panel">
                <div class='left panel-name'>Timeline (seconds)</div>
                <div class="chart-box" style="width:98%;max-height:145px;">
                    <canvas id="timeline" height="120"></canvas>
                </div>
            </div>
        </div>
    </div>
</div>	
	<div class='subview-left left'>
		<div class='view-summary'>
			<ul id='test-collection' class='test-collection'>
				<li class='test displayed active  fail' status='fail' bdd='false' test-id='1'>
					<div class='test-heading'>
						<span class='test-name'>Homepage_script_1</span>
						<span class='test-time'>Dec 13, 2023 05:46:58 PM</span>
						<span class='test-status right fail'>Fail</span>
					</div>
					<div class='test-content hide'>
<div class='test-time-info'>
	<span class='label start-time'>Dec 13, 2023 05:46:58 PM</span>
	<span class='label end-time'>Dec 13, 2023 05:47:03 PM</span>
	<span class='label time-taken grey lighten-1 white-text'>00 00 05.038</span>
</div>
<div class='test-steps'>
	<table class='bordered table-results'>
		<thead>
			<tr>
				<th>Status</th>
				<th>Timestamp</th>
				<th>Details</th>
			</tr>
		</thead>
		<tbody>
			<tr class='log' status='fail'>			
				<td class='status fail' title='Fail' alt='Fail'><i class='material-icons'> cancel </i></td>
				<td class='timestamp'>5:47:03 PM</td>
				<td class='step-details'>
						Test failure
				</td>
			</tr>
			<tr class='log' status='fail'>			
				<td class='status fail' title='Fail' alt='Fail'><i class='material-icons'> cancel </i></td>
				<td class='timestamp'>5:47:03 PM</td>
				<td class='step-details'>
						<textarea disabled class="code-block">org.opentest4j.AssertionFailedError: Page URL expected to be: http://shop.mattel.com/
Received: https://shop.mattel.com/

Call log:
Locator.expect with timeout 5000ms
waiting for locator(":root")
  locator resolved to <html lang="en" class=" async-hide" data-whatinput="in…>…</html>
  unexpected value "https://shop.mattel.com/"
  locator resolved to <html lang="en" class=" async-hide" data-whatinput="in…>…</html>
  unexpected value "https://shop.mattel.com/"
  locator resolved to <html lang="en" class=" async-hide" data-whatinput="in…>…</html>
  unexpected value "https://shop.mattel.com/"
  locator resolved to <html lang="en" class=" async-hide" data-whatinput="in…>…</html>
  unexpected value "https://shop.mattel.com/"
  locator resolved to <html lang="en" class=" async-hide" data-whatintent="m…>…</html>
  unexpected value "https://shop.mattel.com/"
  locator resolved to <html class="" lang="en" data-whatintent="mouse" data-…>…</html>
  unexpected value "https://shop.mattel.com/"
  locator resolved to <html class="" lang="en" data-whatintent="mouse" data-…>…</html>
  unexpected value "https://shop.mattel.com/"
  locator resolved to <html class="" lang="en" data-whatintent="mouse" data-…>…</html>
  unexpected value "https://shop.mattel.com/"
	at com.microsoft.playwright.impl.AssertionsBase.expectImpl(AssertionsBase.java:73)
	at com.microsoft.playwright.impl.AssertionsBase.expectImpl(AssertionsBase.java:50)
	at com.microsoft.playwright.impl.AssertionsBase.expectImpl(AssertionsBase.java:41)
	at com.microsoft.playwright.impl.PageAssertionsImpl.hasURL(PageAssertionsImpl.java:60)
	at com.microsoft.playwright.assertions.PageAssertions.hasURL(PageAssertions.java:142)
	at Test_Scripts_Package.Homepage_scripts.Homepage_script_1(Homepage_scripts.java:38)
	at java.base/jdk.internal.reflect.NativeMethodAccessorImpl.invoke0(Native Method)
	at java.base/jdk.internal.reflect.NativeMethodAccessorImpl.invoke(NativeMethodAccessorImpl.java:62)
	at java.base/jdk.internal.reflect.DelegatingMethodAccessorImpl.invoke(DelegatingMethodAccessorImpl.java:43)
	at java.base/java.lang.reflect.Method.invoke(Method.java:566)
	at org.testng.internal.invokers.MethodInvocationHelper.invokeMethod(MethodInvocationHelper.java:139)
	at org.testng.internal.invokers.TestInvoker.invokeMethod(TestInvoker.java:664)
	at org.testng.internal.invokers.TestInvoker.invokeTestMethod(TestInvoker.java:227)
	at org.testng.internal.invokers.MethodRunner.runInSequence(MethodRunner.java:50)
	at org.testng.internal.invokers.TestInvoker$MethodInvocationAgent.invoke(TestInvoker.java:957)
	at org.testng.internal.invokers.TestInvoker.invokeTestMethods(TestInvoker.java:200)
	at org.testng.internal.invokers.TestMethodWorker.invokeTestMethods(TestMethodWorker.java:148)
	at org.testng.internal.invokers.TestMethodWorker.run(TestMethodWorker.java:128)
	at java.base/java.util.ArrayList.forEach(ArrayList.java:1541)
	at org.testng.TestRunner.privateRun(TestRunner.java:848)
	at org.testng.TestRunner.run(TestRunner.java:621)
	at org.testng.SuiteRunner.runTest(SuiteRunner.java:443)
	at org.testng.SuiteRunner.runSequentially(SuiteRunner.java:437)
	at org.testng.SuiteRunner.privateRun(SuiteRunner.java:397)
	at org.testng.SuiteRunner.run(SuiteRunner.java:336)
	at org.testng.SuiteRunnerWorker.runSuite(SuiteRunnerWorker.java:52)
	at org.testng.SuiteRunnerWorker.run(SuiteRunnerWorker.java:95)
	at org.testng.TestNG.runSuitesSequentially(TestNG.java:1280)
	at org.testng.TestNG.runSuitesLocally(TestNG.java:1200)
	at org.testng.TestNG.runSuites(TestNG.java:1114)
	at org.testng.TestNG.run(TestNG.java:1082)
	at com.intellij.rt.testng.IDEARemoteTestNG.run(IDEARemoteTestNG.java:65)
	at com.intellij.rt.testng.RemoteTestNGStarter.main(RemoteTestNGStarter.java:105)
</textarea>
				</td>
			</tr>
			<tr class='log' status='fail'>			
				<td class='status fail' title='Fail' alt='Fail'><i class='material-icons'> cancel </i></td>
				<td class='timestamp'>5:47:03 PM</td>
				<td class='step-details'>
						Test 'Homepage_script_1' has failed
				</td>
			</tr>
			<tr class='log' status='fail'>			
				<td class='status fail' title='Fail' alt='Fail'><i class='material-icons'> cancel </i></td>
				<td class='timestamp'>5:47:03 PM</td>
				<td class='step-details'>
						Class: Test_Scripts_Package.Homepage_scripts
				</td>
			</tr>
			<tr class='log' status='fail'>			
				<td class='status fail' title='Fail' alt='Fail'><i class='material-icons'> cancel </i></td>
				<td class='timestamp'>5:47:03 PM</td>
				<td class='step-details'>
						Method: Homepage_script_1
				</td>
			</tr>
			<tr class='log' status='fail'>			
				<td class='status fail' title='Fail' alt='Fail'><i class='material-icons'> cancel </i></td>
				<td class='timestamp'>5:47:03 PM</td>
				<td class='step-details'>
						Timestamp: 1702469823361
				</td>
			</tr>
		</tbody>
	</table>
</div>

					</div>
				</li>
				<li class='test displayed active  pass' status='pass' bdd='false' test-id='2'>
					<div class='test-heading'>
						<span class='test-name'>Homepage_scripts_2</span>
						<span class='test-time'>Dec 13, 2023 05:47:03 PM</span>
						<span class='test-status right pass'>Pass</span>
					</div>
					<div class='test-content hide'>
<div class='test-time-info'>
	<span class='label start-time'>Dec 13, 2023 05:47:03 PM</span>
	<span class='label end-time'>Dec 13, 2023 05:47:03 PM</span>
	<span class='label time-taken grey lighten-1 white-text'>00 00 00.295</span>
</div>
<div class='test-steps'>
	<table class='bordered table-results'>
		<thead>
			<tr>
				<th>Status</th>
				<th>Timestamp</th>
				<th>Details</th>
			</tr>
		</thead>
		<tbody>
			<tr class='log' status='pass'>			
				<td class='status pass' title='Pass' alt='Pass'><i class='material-icons'> check_circle </i></td>
				<td class='timestamp'>5:47:03 PM</td>
				<td class='step-details'>
						Test sucessful
				</td>
			</tr>
			<tr class='log' status='pass'>			
				<td class='status pass' title='Pass' alt='Pass'><i class='material-icons'> check_circle </i></td>
				<td class='timestamp'>5:47:03 PM</td>
				<td class='step-details'>
						testcase_excuetion_suceessful
				</td>
			</tr>
		</tbody>
	</table>
</div>

					</div>
				</li>
				<li class='test displayed active  pass' status='pass' bdd='false' test-id='3'>
					<div class='test-heading'>
						<span class='test-name'>Homepage_scripts_3</span>
						<span class='test-time'>Dec 13, 2023 05:47:03 PM</span>
						<span class='test-status right pass'>Pass</span>
					</div>
					<div class='test-content hide'>
<div class='test-time-info'>
	<span class='label start-time'>Dec 13, 2023 05:47:03 PM</span>
	<span class='label end-time'>Dec 13, 2023 05:47:12 PM</span>
	<span class='label time-taken grey lighten-1 white-text'>00 00 09.302</span>
</div>
<div class='test-steps'>
	<table class='bordered table-results'>
		<thead>
			<tr>
				<th>Status</th>
				<th>Timestamp</th>
				<th>Details</th>
			</tr>
		</thead>
		<tbody>
			<tr class='log' status='pass'>			
				<td class='status pass' title='Pass' alt='Pass'><i class='material-icons'> check_circle </i></td>
				<td class='timestamp'>5:47:12 PM</td>
				<td class='step-details'>
						Test sucessful
				</td>
			</tr>
			<tr class='log' status='pass'>			
				<td class='status pass' title='Pass' alt='Pass'><i class='material-icons'> check_circle </i></td>
				<td class='timestamp'>5:47:12 PM</td>
				<td class='step-details'>
						testcase_excuetion_suceessful
				</td>
			</tr>
		</tbody>
	</table>
</div>

					</div>
				</li>
				<li class='test displayed active  pass' status='pass' bdd='false' test-id='4'>
					<div class='test-heading'>
						<span class='test-name'>Shop_options</span>
						<span class='test-time'>Dec 13, 2023 05:47:17 PM</span>
						<span class='test-status right pass'>Pass</span>
					</div>
					<div class='test-content hide'>
<div class='test-time-info'>
	<span class='label start-time'>Dec 13, 2023 05:47:17 PM</span>
	<span class='label end-time'>Dec 13, 2023 05:47:23 PM</span>
	<span class='label time-taken grey lighten-1 white-text'>00 00 06.114</span>
</div>
<div class='test-steps'>
	<table class='bordered table-results'>
		<thead>
			<tr>
				<th>Status</th>
				<th>Timestamp</th>
				<th>Details</th>
			</tr>
		</thead>
		<tbody>
			<tr class='log' status='pass'>			
				<td class='status pass' title='Pass' alt='Pass'><i class='material-icons'> check_circle </i></td>
				<td class='timestamp'>5:47:23 PM</td>
				<td class='step-details'>
						Test sucessful
				</td>
			</tr>
			<tr class='log' status='pass'>			
				<td class='status pass' title='Pass' alt='Pass'><i class='material-icons'> check_circle </i></td>
				<td class='timestamp'>5:47:23 PM</td>
				<td class='step-details'>
						testcase_excuetion_suceessful
				</td>
			</tr>
		</tbody>
	</table>
</div>

					</div>
				</li>
				<li class='test displayed active  pass' status='pass' bdd='false' test-id='5'>
					<div class='test-heading'>
						<span class='test-name'>shop_all_funcationality</span>
						<span class='test-time'>Dec 13, 2023 05:47:23 PM</span>
						<span class='test-status right pass'>Pass</span>
					</div>
					<div class='test-content hide'>
<div class='test-time-info'>
	<span class='label start-time'>Dec 13, 2023 05:47:23 PM</span>
	<span class='label end-time'>Dec 13, 2023 05:47:25 PM</span>
	<span class='label time-taken grey lighten-1 white-text'>00 00 01.759</span>
</div>
<div class='test-steps'>
	<table class='bordered table-results'>
		<thead>
			<tr>
				<th>Status</th>
				<th>Timestamp</th>
				<th>Details</th>
			</tr>
		</thead>
		<tbody>
			<tr class='log' status='pass'>			
				<td class='status pass' title='Pass' alt='Pass'><i class='material-icons'> check_circle </i></td>
				<td class='timestamp'>5:47:25 PM</td>
				<td class='step-details'>
						Test sucessful
				</td>
			</tr>
			<tr class='log' status='pass'>			
				<td class='status pass' title='Pass' alt='Pass'><i class='material-icons'> check_circle </i></td>
				<td class='timestamp'>5:47:25 PM</td>
				<td class='step-details'>
						testcase_excuetion_suceessful
				</td>
			</tr>
		</tbody>
	</table>
</div>

					</div>
				</li>
				<li class='test displayed active  pass' status='pass' bdd='false' test-id='6'>
					<div class='test-heading'>
						<span class='test-name'>shop_all_checkbox_validate</span>
						<span class='test-time'>Dec 13, 2023 05:47:25 PM</span>
						<span class='test-status right pass'>Pass</span>
					</div>
					<div class='test-content hide'>
<div class='test-time-info'>
	<span class='label start-time'>Dec 13, 2023 05:47:25 PM</span>
	<span class='label end-time'>Dec 13, 2023 05:47:32 PM</span>
	<span class='label time-taken grey lighten-1 white-text'>00 00 07.109</span>
</div>
<div class='test-steps'>
	<table class='bordered table-results'>
		<thead>
			<tr>
				<th>Status</th>
				<th>Timestamp</th>
				<th>Details</th>
			</tr>
		</thead>
		<tbody>
			<tr class='log' status='pass'>			
				<td class='status pass' title='Pass' alt='Pass'><i class='material-icons'> check_circle </i></td>
				<td class='timestamp'>5:47:32 PM</td>
				<td class='step-details'>
						Test sucessful
				</td>
			</tr>
			<tr class='log' status='pass'>			
				<td class='status pass' title='Pass' alt='Pass'><i class='material-icons'> check_circle </i></td>
				<td class='timestamp'>5:47:32 PM</td>
				<td class='step-details'>
						testcase_excuetion_suceessful
				</td>
			</tr>
		</tbody>
	</table>
</div>

					</div>
				</li>
				<li class='test displayed active  pass' status='pass' bdd='false' test-id='7'>
					<div class='test-heading'>
						<span class='test-name'>six_to_twelve_months</span>
						<span class='test-time'>Dec 13, 2023 05:47:35 PM</span>
						<span class='test-status right pass'>Pass</span>
					</div>
					<div class='test-content hide'>
<div class='test-time-info'>
	<span class='label start-time'>Dec 13, 2023 05:47:35 PM</span>
	<span class='label end-time'>Dec 13, 2023 05:47:39 PM</span>
	<span class='label time-taken grey lighten-1 white-text'>00 00 03.787</span>
</div>
<div class='test-steps'>
	<table class='bordered table-results'>
		<thead>
			<tr>
				<th>Status</th>
				<th>Timestamp</th>
				<th>Details</th>
			</tr>
		</thead>
		<tbody>
			<tr class='log' status='pass'>			
				<td class='status pass' title='Pass' alt='Pass'><i class='material-icons'> check_circle </i></td>
				<td class='timestamp'>5:47:39 PM</td>
				<td class='step-details'>
						Test sucessful
				</td>
			</tr>
			<tr class='log' status='pass'>			
				<td class='status pass' title='Pass' alt='Pass'><i class='material-icons'> check_circle </i></td>
				<td class='timestamp'>5:47:39 PM</td>
				<td class='step-details'>
						testcase_excuetion_suceessful
				</td>
			</tr>
		</tbody>
	</table>
</div>

					</div>
				</li>
				<li class='test displayed active  fail' status='fail' bdd='false' test-id='8'>
					<div class='test-heading'>
						<span class='test-name'>count_of_products1</span>
						<span class='test-time'>Dec 13, 2023 05:47:39 PM</span>
						<span class='test-status right fail'>Fail</span>
					</div>
					<div class='test-content hide'>
<div class='test-time-info'>
	<span class='label start-time'>Dec 13, 2023 05:47:39 PM</span>
	<span class='label end-time'>Dec 13, 2023 05:47:42 PM</span>
	<span class='label time-taken grey lighten-1 white-text'>00 00 03.264</span>
</div>
<div class='test-steps'>
	<table class='bordered table-results'>
		<thead>
			<tr>
				<th>Status</th>
				<th>Timestamp</th>
				<th>Details</th>
			</tr>
		</thead>
		<tbody>
			<tr class='log' status='fail'>			
				<td class='status fail' title='Fail' alt='Fail'><i class='material-icons'> cancel </i></td>
				<td class='timestamp'>5:47:42 PM</td>
				<td class='step-details'>
						Test failure
				</td>
			</tr>
			<tr class='log' status='fail'>			
				<td class='status fail' title='Fail' alt='Fail'><i class='material-icons'> cancel </i></td>
				<td class='timestamp'>5:47:42 PM</td>
				<td class='step-details'>
						<textarea disabled class="code-block">com.microsoft.playwright.PlaywrightException: Error {
  message='Error: strict mode violation: getByText("6-12 Months") resolved to 4 elements:
    1) <a class="nav__menu-sub-link" data-track-text="6-12…>↵                                6-12 Months↵    …</a> aka getByRole(AriaRole.LINK, new Page.GetByRoleOptions().setName("6-12 Months").setExact(true))
    2) <span class="screenreader">{"key":"Age 6-12 Months","value":"\/collections\/…</span> aka getByText("{\"key\":\"Age 6-12 Months\",\"")
    3) <span>Age 6-12 Months</span> aka getByRole(AriaRole.LINK, new Page.GetByRoleOptions().setName("Age 6-12 Months"))
    4) <h1 class="collection__title">↵          Fisher-Price Baby Toys for 6-12 Months…</h1> aka getByRole(AriaRole.HEADING, new Page.GetByRoleOptions().setName("Fisher-Price Baby Toys for 6-"))

  name='Error
  stack='Error: Error: strict mode violation: getByText("6-12 Months") resolved to 4 elements:
    1) <a class="nav__menu-sub-link" data-track-text="6-12…>↵                                6-12 Months↵    …</a> aka getByRole(AriaRole.LINK, new Page.GetByRoleOptions().setName("6-12 Months").setExact(true))
    2) <span class="screenreader">{"key":"Age 6-12 Months","value":"\/collections\/…</span> aka getByText("{\"key\":\"Age 6-12 Months\",\"")
    3) <span>Age 6-12 Months</span> aka getByRole(AriaRole.LINK, new Page.GetByRoleOptions().setName("Age 6-12 Months"))
    4) <h1 class="collection__title">↵          Fisher-Price Baby Toys for 6-12 Months…</h1> aka getByRole(AriaRole.HEADING, new Page.GetByRoleOptions().setName("Fisher-Price Baby Toys for 6-"))

    at CRExecutionContext.evaluateWithArguments (C:\Users\admin\AppData\Local\Temp\playwright-java-18253720800147272891\package\lib\server\chromium\crExecutionContext.js:92:33)
    at async LongStandingScope._race (C:\Users\admin\AppData\Local\Temp\playwright-java-18253720800147272891\package\lib\utils\manualPromise.js:96:14)
    at async evaluateExpression (C:\Users\admin\AppData\Local\Temp\playwright-java-18253720800147272891\package\lib\server\javascript.js:241:12)
    at async C:\Users\admin\AppData\Local\Temp\playwright-java-18253720800147272891\package\lib\server\frames.js:941:22
    at async Frame.retryWithProgressAndTimeouts (C:\Users\admin\AppData\Local\Temp\playwright-java-18253720800147272891\package\lib\server\frames.js:912:24)
    at async C:\Users\admin\AppData\Local\Temp\playwright-java-18253720800147272891\package\lib\server\frames.js:996:29
    at async ProgressController.run (C:\Users\admin\AppData\Local\Temp\playwright-java-18253720800147272891\package\lib\server\progress.js:91:22)
    at async FrameDispatcher.click (C:\Users\admin\AppData\Local\Temp\playwright-java-18253720800147272891\package\lib\server\dispatchers\frameDispatcher.js:152:12)
    at async LongStandingScope._race (C:\Users\admin\AppData\Local\Temp\playwright-java-18253720800147272891\package\lib\utils\manualPromise.js:96:14)
    at async FrameDispatcher._handleCommand (C:\Users\admin\AppData\Local\Temp\playwright-java-18253720800147272891\package\lib\server\dispatchers\dispatcher.js:86:14)
}
Call log:
- waiting for getByText("6-12 Months")

	at com.microsoft.playwright.impl.WaitableResult.get(WaitableResult.java:54)
	at com.microsoft.playwright.impl.ChannelOwner.runUntil(ChannelOwner.java:120)
	at com.microsoft.playwright.impl.Connection.sendMessage(Connection.java:129)
	at com.microsoft.playwright.impl.ChannelOwner.sendMessage(ChannelOwner.java:106)
	at com.microsoft.playwright.impl.FrameImpl.clickImpl(FrameImpl.java:252)
	at com.microsoft.playwright.impl.FrameImpl.lambda$click$8(FrameImpl.java:243)
	at com.microsoft.playwright.impl.LoggingSupport.lambda$withLogging$0(LoggingSupport.java:36)
	at com.microsoft.playwright.impl.LoggingSupport.withLogging(LoggingSupport.java:47)
	at com.microsoft.playwright.impl.ChannelOwner.withLogging(ChannelOwner.java:89)
	at com.microsoft.playwright.impl.LoggingSupport.withLogging(LoggingSupport.java:35)
	at com.microsoft.playwright.impl.FrameImpl.click(FrameImpl.java:243)
	at com.microsoft.playwright.impl.LocatorImpl.click(LocatorImpl.java:140)
	at com.microsoft.playwright.Locator.click(Locator.java:2348)
	at Pages_pom_package.Pom_Shop_By_Age.shop_by_age_six_to_tweleve(Pom_Shop_By_Age.java:20)
	at Test_Scripts_Package.Shop_By_Age.count_of_products1(Shop_By_Age.java:54)
	at java.base/jdk.internal.reflect.NativeMethodAccessorImpl.invoke0(Native Method)
	at java.base/jdk.internal.reflect.NativeMethodAccessorImpl.invoke(NativeMethodAccessorImpl.java:62)
	at java.base/jdk.internal.reflect.DelegatingMethodAccessorImpl.invoke(DelegatingMethodAccessorImpl.java:43)
	at java.base/java.lang.reflect.Method.invoke(Method.java:566)
	at org.testng.internal.invokers.MethodInvocationHelper.invokeMethod(MethodInvocationHelper.java:139)
	at org.testng.internal.invokers.TestInvoker.invokeMethod(TestInvoker.java:664)
	at org.testng.internal.invokers.TestInvoker.invokeTestMethod(TestInvoker.java:227)
	at org.testng.internal.invokers.MethodRunner.runInSequence(MethodRunner.java:50)
	at org.testng.internal.invokers.TestInvoker$MethodInvocationAgent.invoke(TestInvoker.java:957)
	at org.testng.internal.invokers.TestInvoker.invokeTestMethods(TestInvoker.java:200)
	at org.testng.internal.invokers.TestMethodWorker.invokeTestMethods(TestMethodWorker.java:148)
	at org.testng.internal.invokers.TestMethodWorker.run(TestMethodWorker.java:128)
	at java.base/java.util.ArrayList.forEach(ArrayList.java:1541)
	at org.testng.TestRunner.privateRun(TestRunner.java:848)
	at org.testng.TestRunner.run(TestRunner.java:621)
	at org.testng.SuiteRunner.runTest(SuiteRunner.java:443)
	at org.testng.SuiteRunner.runSequentially(SuiteRunner.java:437)
	at org.testng.SuiteRunner.privateRun(SuiteRunner.java:397)
	at org.testng.SuiteRunner.run(SuiteRunner.java:336)
	at org.testng.SuiteRunnerWorker.runSuite(SuiteRunnerWorker.java:52)
	at org.testng.SuiteRunnerWorker.run(SuiteRunnerWorker.java:95)
	at org.testng.TestNG.runSuitesSequentially(TestNG.java:1280)
	at org.testng.TestNG.runSuitesLocally(TestNG.java:1200)
	at org.testng.TestNG.runSuites(TestNG.java:1114)
	at org.testng.TestNG.run(TestNG.java:1082)
	at com.intellij.rt.testng.IDEARemoteTestNG.run(IDEARemoteTestNG.java:65)
	at com.intellij.rt.testng.RemoteTestNGStarter.main(RemoteTestNGStarter.java:105)
Caused by: com.microsoft.playwright.impl.DriverException: Error {
  message='Error: strict mode violation: getByText("6-12 Months") resolved to 4 elements:
    1) <a class="nav__menu-sub-link" data-track-text="6-12…>↵                                6-12 Months↵    …</a> aka getByRole(AriaRole.LINK, new Page.GetByRoleOptions().setName("6-12 Months").setExact(true))
    2) <span class="screenreader">{"key":"Age 6-12 Months","value":"\/collections\/…</span> aka getByText("{\"key\":\"Age 6-12 Months\",\"")
    3) <span>Age 6-12 Months</span> aka getByRole(AriaRole.LINK, new Page.GetByRoleOptions().setName("Age 6-12 Months"))
    4) <h1 class="collection__title">↵          Fisher-Price Baby Toys for 6-12 Months…</h1> aka getByRole(AriaRole.HEADING, new Page.GetByRoleOptions().setName("Fisher-Price Baby Toys for 6-"))

  name='Error
  stack='Error: Error: strict mode violation: getByText("6-12 Months") resolved to 4 elements:
    1) <a class="nav__menu-sub-link" data-track-text="6-12…>↵                                6-12 Months↵    …</a> aka getByRole(AriaRole.LINK, new Page.GetByRoleOptions().setName("6-12 Months").setExact(true))
    2) <span class="screenreader">{"key":"Age 6-12 Months","value":"\/collections\/…</span> aka getByText("{\"key\":\"Age 6-12 Months\",\"")
    3) <span>Age 6-12 Months</span> aka getByRole(AriaRole.LINK, new Page.GetByRoleOptions().setName("Age 6-12 Months"))
    4) <h1 class="collection__title">↵          Fisher-Price Baby Toys for 6-12 Months…</h1> aka getByRole(AriaRole.HEADING, new Page.GetByRoleOptions().setName("Fisher-Price Baby Toys for 6-"))

    at CRExecutionContext.evaluateWithArguments (C:\Users\admin\AppData\Local\Temp\playwright-java-18253720800147272891\package\lib\server\chromium\crExecutionContext.js:92:33)
    at async LongStandingScope._race (C:\Users\admin\AppData\Local\Temp\playwright-java-18253720800147272891\package\lib\utils\manualPromise.js:96:14)
    at async evaluateExpression (C:\Users\admin\AppData\Local\Temp\playwright-java-18253720800147272891\package\lib\server\javascript.js:241:12)
    at async C:\Users\admin\AppData\Local\Temp\playwright-java-18253720800147272891\package\lib\server\frames.js:941:22
    at async Frame.retryWithProgressAndTimeouts (C:\Users\admin\AppData\Local\Temp\playwright-java-18253720800147272891\package\lib\server\frames.js:912:24)
    at async C:\Users\admin\AppData\Local\Temp\playwright-java-18253720800147272891\package\lib\server\frames.js:996:29
    at async ProgressController.run (C:\Users\admin\AppData\Local\Temp\playwright-java-18253720800147272891\package\lib\server\progress.js:91:22)
    at async FrameDispatcher.click (C:\Users\admin\AppData\Local\Temp\playwright-java-18253720800147272891\package\lib\server\dispatchers\frameDispatcher.js:152:12)
    at async LongStandingScope._race (C:\Users\admin\AppData\Local\Temp\playwright-java-18253720800147272891\package\lib\utils\manualPromise.js:96:14)
    at async FrameDispatcher._handleCommand (C:\Users\admin\AppData\Local\Temp\playwright-java-18253720800147272891\package\lib\server\dispatchers\dispatcher.js:86:14)
}
Call log:
- waiting for getByText("6-12 Months")

	at com.microsoft.playwright.impl.Connection.dispatch(Connection.java:257)
	at com.microsoft.playwright.impl.Connection.processOneMessage(Connection.java:209)
	at com.microsoft.playwright.impl.ChannelOwner.runUntil(ChannelOwner.java:118)
	... 40 more
</textarea>
				</td>
			</tr>
			<tr class='log' status='fail'>			
				<td class='status fail' title='Fail' alt='Fail'><i class='material-icons'> cancel </i></td>
				<td class='timestamp'>5:47:42 PM</td>
				<td class='step-details'>
						Test 'count_of_products1' has failed
				</td>
			</tr>
			<tr class='log' status='fail'>			
				<td class='status fail' title='Fail' alt='Fail'><i class='material-icons'> cancel </i></td>
				<td class='timestamp'>5:47:42 PM</td>
				<td class='step-details'>
						Class: Test_Scripts_Package.Shop_By_Age
				</td>
			</tr>
			<tr class='log' status='fail'>			
				<td class='status fail' title='Fail' alt='Fail'><i class='material-icons'> cancel </i></td>
				<td class='timestamp'>5:47:42 PM</td>
				<td class='step-details'>
						Method: count_of_products1
				</td>
			</tr>
			<tr class='log' status='fail'>			
				<td class='status fail' title='Fail' alt='Fail'><i class='material-icons'> cancel </i></td>
				<td class='timestamp'>5:47:42 PM</td>
				<td class='step-details'>
						Timestamp: 1702469862774
				</td>
			</tr>
		</tbody>
	</table>
</div>

					</div>
				</li>
				<li class='test displayed active  pass' status='pass' bdd='false' test-id='9'>
					<div class='test-heading'>
						<span class='test-name'>shop_by_age_12_to_24_months</span>
						<span class='test-time'>Dec 13, 2023 05:47:42 PM</span>
						<span class='test-status right pass'>Pass</span>
					</div>
					<div class='test-content hide'>
<div class='test-time-info'>
	<span class='label start-time'>Dec 13, 2023 05:47:42 PM</span>
	<span class='label end-time'>Dec 13, 2023 05:47:43 PM</span>
	<span class='label time-taken grey lighten-1 white-text'>00 00 00.673</span>
</div>
<div class='test-steps'>
	<table class='bordered table-results'>
		<thead>
			<tr>
				<th>Status</th>
				<th>Timestamp</th>
				<th>Details</th>
			</tr>
		</thead>
		<tbody>
			<tr class='log' status='pass'>			
				<td class='status pass' title='Pass' alt='Pass'><i class='material-icons'> check_circle </i></td>
				<td class='timestamp'>5:47:43 PM</td>
				<td class='step-details'>
						Test sucessful
				</td>
			</tr>
			<tr class='log' status='pass'>			
				<td class='status pass' title='Pass' alt='Pass'><i class='material-icons'> check_circle </i></td>
				<td class='timestamp'>5:47:43 PM</td>
				<td class='step-details'>
						testcase_excuetion_suceessful
				</td>
			</tr>
		</tbody>
	</table>
</div>

					</div>
				</li>
				<li class='test displayed active  fail' status='fail' bdd='false' test-id='10'>
					<div class='test-heading'>
						<span class='test-name'>count_results1</span>
						<span class='test-time'>Dec 13, 2023 05:47:43 PM</span>
						<span class='test-status right fail'>Fail</span>
					</div>
					<div class='test-content hide'>
<div class='test-time-info'>
	<span class='label start-time'>Dec 13, 2023 05:47:43 PM</span>
	<span class='label end-time'>Dec 13, 2023 05:48:15 PM</span>
	<span class='label time-taken grey lighten-1 white-text'>00 00 32.018</span>
</div>
<div class='test-steps'>
	<table class='bordered table-results'>
		<thead>
			<tr>
				<th>Status</th>
				<th>Timestamp</th>
				<th>Details</th>
			</tr>
		</thead>
		<tbody>
			<tr class='log' status='fail'>			
				<td class='status fail' title='Fail' alt='Fail'><i class='material-icons'> cancel </i></td>
				<td class='timestamp'>5:48:15 PM</td>
				<td class='step-details'>
						Test failure
				</td>
			</tr>
			<tr class='log' status='fail'>			
				<td class='status fail' title='Fail' alt='Fail'><i class='material-icons'> cancel </i></td>
				<td class='timestamp'>5:48:15 PM</td>
				<td class='step-details'>
						<textarea disabled class="code-block">com.microsoft.playwright.TimeoutError: Error {
  message='Timeout 30000ms exceeded.
  name='TimeoutError
  stack='TimeoutError: Timeout 30000ms exceeded.
    at ProgressController.run (C:\Users\admin\AppData\Local\Temp\playwright-java-18253720800147272891\package\lib\server\progress.js:87:26)
    at Frame.click (C:\Users\admin\AppData\Local\Temp\playwright-java-18253720800147272891\package\lib\server\frames.js:995:23)
    at FrameDispatcher.click (C:\Users\admin\AppData\Local\Temp\playwright-java-18253720800147272891\package\lib\server\dispatchers\frameDispatcher.js:152:30)
    at FrameDispatcher._handleCommand (C:\Users\admin\AppData\Local\Temp\playwright-java-18253720800147272891\package\lib\server\dispatchers\dispatcher.js:84:40)
    at DispatcherConnection.dispatch (C:\Users\admin\AppData\Local\Temp\playwright-java-18253720800147272891\package\lib\server\dispatchers\dispatcher.js:351:39)
}
Call log:
- waiting for getByText("Baby Gear (87) ")

	at com.microsoft.playwright.impl.WaitableResult.get(WaitableResult.java:52)
	at com.microsoft.playwright.impl.ChannelOwner.runUntil(ChannelOwner.java:120)
	at com.microsoft.playwright.impl.Connection.sendMessage(Connection.java:129)
	at com.microsoft.playwright.impl.ChannelOwner.sendMessage(ChannelOwner.java:106)
	at com.microsoft.playwright.impl.FrameImpl.clickImpl(FrameImpl.java:252)
	at com.microsoft.playwright.impl.FrameImpl.lambda$click$8(FrameImpl.java:243)
	at com.microsoft.playwright.impl.LoggingSupport.lambda$withLogging$0(LoggingSupport.java:36)
	at com.microsoft.playwright.impl.LoggingSupport.withLogging(LoggingSupport.java:47)
	at com.microsoft.playwright.impl.ChannelOwner.withLogging(ChannelOwner.java:89)
	at com.microsoft.playwright.impl.LoggingSupport.withLogging(LoggingSupport.java:35)
	at com.microsoft.playwright.impl.FrameImpl.click(FrameImpl.java:243)
	at com.microsoft.playwright.impl.LocatorImpl.click(LocatorImpl.java:140)
	at com.microsoft.playwright.Locator.click(Locator.java:2348)
	at Pages_pom_package.Pom_Shop_By_Age.Bady_gear(Pom_Shop_By_Age.java:28)
	at Test_Scripts_Package.Shop_By_Age.count_results1(Shop_By_Age.java:63)
	at java.base/jdk.internal.reflect.NativeMethodAccessorImpl.invoke0(Native Method)
	at java.base/jdk.internal.reflect.NativeMethodAccessorImpl.invoke(NativeMethodAccessorImpl.java:62)
	at java.base/jdk.internal.reflect.DelegatingMethodAccessorImpl.invoke(DelegatingMethodAccessorImpl.java:43)
	at java.base/java.lang.reflect.Method.invoke(Method.java:566)
	at org.testng.internal.invokers.MethodInvocationHelper.invokeMethod(MethodInvocationHelper.java:139)
	at org.testng.internal.invokers.TestInvoker.invokeMethod(TestInvoker.java:664)
	at org.testng.internal.invokers.TestInvoker.invokeTestMethod(TestInvoker.java:227)
	at org.testng.internal.invokers.MethodRunner.runInSequence(MethodRunner.java:50)
	at org.testng.internal.invokers.TestInvoker$MethodInvocationAgent.invoke(TestInvoker.java:957)
	at org.testng.internal.invokers.TestInvoker.invokeTestMethods(TestInvoker.java:200)
	at org.testng.internal.invokers.TestMethodWorker.invokeTestMethods(TestMethodWorker.java:148)
	at org.testng.internal.invokers.TestMethodWorker.run(TestMethodWorker.java:128)
	at java.base/java.util.ArrayList.forEach(ArrayList.java:1541)
	at org.testng.TestRunner.privateRun(TestRunner.java:848)
	at org.testng.TestRunner.run(TestRunner.java:621)
	at org.testng.SuiteRunner.runTest(SuiteRunner.java:443)
	at org.testng.SuiteRunner.runSequentially(SuiteRunner.java:437)
	at org.testng.SuiteRunner.privateRun(SuiteRunner.java:397)
	at org.testng.SuiteRunner.run(SuiteRunner.java:336)
	at org.testng.SuiteRunnerWorker.runSuite(SuiteRunnerWorker.java:52)
	at org.testng.SuiteRunnerWorker.run(SuiteRunnerWorker.java:95)
	at org.testng.TestNG.runSuitesSequentially(TestNG.java:1280)
	at org.testng.TestNG.runSuitesLocally(TestNG.java:1200)
	at org.testng.TestNG.runSuites(TestNG.java:1114)
	at org.testng.TestNG.run(TestNG.java:1082)
	at com.intellij.rt.testng.IDEARemoteTestNG.run(IDEARemoteTestNG.java:65)
	at com.intellij.rt.testng.RemoteTestNGStarter.main(RemoteTestNGStarter.java:105)
Caused by: com.microsoft.playwright.TimeoutError: Error {
  message='Timeout 30000ms exceeded.
  name='TimeoutError
  stack='TimeoutError: Timeout 30000ms exceeded.
    at ProgressController.run (C:\Users\admin\AppData\Local\Temp\playwright-java-18253720800147272891\package\lib\server\progress.js:87:26)
    at Frame.click (C:\Users\admin\AppData\Local\Temp\playwright-java-18253720800147272891\package\lib\server\frames.js:995:23)
    at FrameDispatcher.click (C:\Users\admin\AppData\Local\Temp\playwright-java-18253720800147272891\package\lib\server\dispatchers\frameDispatcher.js:152:30)
    at FrameDispatcher._handleCommand (C:\Users\admin\AppData\Local\Temp\playwright-java-18253720800147272891\package\lib\server\dispatchers\dispatcher.js:84:40)
    at DispatcherConnection.dispatch (C:\Users\admin\AppData\Local\Temp\playwright-java-18253720800147272891\package\lib\server\dispatchers\dispatcher.js:351:39)
}
Call log:
- waiting for getByText("Baby Gear (87) ")

	at com.microsoft.playwright.impl.Connection.dispatch(Connection.java:252)
	at com.microsoft.playwright.impl.Connection.processOneMessage(Connection.java:209)
	at com.microsoft.playwright.impl.ChannelOwner.runUntil(ChannelOwner.java:118)
	... 40 more
</textarea>
				</td>
			</tr>
			<tr class='log' status='fail'>			
				<td class='status fail' title='Fail' alt='Fail'><i class='material-icons'> cancel </i></td>
				<td class='timestamp'>5:48:15 PM</td>
				<td class='step-details'>
						Test 'count_results1' has failed
				</td>
			</tr>
			<tr class='log' status='fail'>			
				<td class='status fail' title='Fail' alt='Fail'><i class='material-icons'> cancel </i></td>
				<td class='timestamp'>5:48:15 PM</td>
				<td class='step-details'>
						Class: Test_Scripts_Package.Shop_By_Age
				</td>
			</tr>
			<tr class='log' status='fail'>			
				<td class='status fail' title='Fail' alt='Fail'><i class='material-icons'> cancel </i></td>
				<td class='timestamp'>5:48:15 PM</td>
				<td class='step-details'>
						Method: count_results1
				</td>
			</tr>
			<tr class='log' status='fail'>			
				<td class='status fail' title='Fail' alt='Fail'><i class='material-icons'> cancel </i></td>
				<td class='timestamp'>5:48:15 PM</td>
				<td class='step-details'>
						Timestamp: 1702469895475
				</td>
			</tr>
		</tbody>
	</table>
</div>

					</div>
				</li>
				<li class='test displayed active  pass' status='pass' bdd='false' test-id='11'>
					<div class='test-heading'>
						<span class='test-name'>Activites_for_kids_verify</span>
						<span class='test-time'>Dec 13, 2023 05:48:20 PM</span>
						<span class='test-status right pass'>Pass</span>
					</div>
					<div class='test-content hide'>
<div class='test-time-info'>
	<span class='label start-time'>Dec 13, 2023 05:48:20 PM</span>
	<span class='label end-time'>Dec 13, 2023 05:48:25 PM</span>
	<span class='label time-taken grey lighten-1 white-text'>00 00 05.116</span>
</div>
<div class='test-steps'>
	<table class='bordered table-results'>
		<thead>
			<tr>
				<th>Status</th>
				<th>Timestamp</th>
				<th>Details</th>
			</tr>
		</thead>
		<tbody>
			<tr class='log' status='pass'>			
				<td class='status pass' title='Pass' alt='Pass'><i class='material-icons'> check_circle </i></td>
				<td class='timestamp'>5:48:25 PM</td>
				<td class='step-details'>
						Test sucessful
				</td>
			</tr>
			<tr class='log' status='pass'>			
				<td class='status pass' title='Pass' alt='Pass'><i class='material-icons'> check_circle </i></td>
				<td class='timestamp'>5:48:25 PM</td>
				<td class='step-details'>
						testcase_excuetion_suceessful
				</td>
			</tr>
		</tbody>
	</table>
</div>

					</div>
				</li>
			</ul>
		</div>
	</div>
	
	
	<!-- subview left -->
	<div class='subview-right left'>
		<div class='view-summary'>
			<div id='step-filters' class="right sr-filters">
				<a class="btn-floating waves-effect waves-light green" status="pass" alt="pass" title="pass"><i class="material-icons">check_circle</i></a>
				<a class="btn-floating waves-effect waves-light red" status="fail" alt="fail" title="fail"><i class="material-icons">cancel</i></a>
				<a class="btn-floating waves-effect waves-light red darken-4" status="fatal" alt="fatal" title="fatal"><i class="material-icons">cancel</i></a>
				<a class="btn-floating waves-effect waves-light pink text-lighten-1" status="error" alt="error" title="error"><i class="material-icons">error</i></a>
				<a class="btn-floating waves-effect waves-light orange" alt="warning" status="warning" title="warning"><i class="material-icons">warning</i></a>
				<a class="btn-floating waves-effect waves-light teal" status="skip" alt="skip" title="skip"><i class="material-icons">redo</i></a>
				<a class="btn-floating waves-effect waves-light grey" status="clear" alt="Clear filters" title="Clear filters"><i class="material-icons">clear</i></a>
			</div>
			<h5 class='test-name'></h5>
		</div>
	</div>
	<!-- subview right -->
</div>
<!-- test view --><div id='exception-view' class='view hide'>
	<section id='controls'>
		<div class='controls grey lighten-4'>
			<!-- search -->
			<div class='chip transparent' alt='Search Tests' title='Search Tests'>
				<a href="#" class='search-div'>
				<i class='material-icons'>search</i> Search
				</a>
				<div class='input-field left hide'>
					<input id='search-tests' type='text' class='validate browser-default' placeholder='Search Tests...'>
				</div>
			</div>
			<!-- search -->
		</div>
	</section>
	<div class='subview-left left'>
		<div class='view-summary'>
			<ul id='exception-collection' class='exception-collection'>
				<li class='exception displayed active'>
					<div class='exception-heading'>
						<span class='exception-name'>com.microsoft.playwright.TimeoutError</span>
						<span class='exception-count right'><span class='label red lighten-1 white-text'>1</span></span>
					</div>
					<div class='exception-content hide'>
						<div class='exception-tests'>
							<table class='bordered table-results'>
								<thead>
									<tr>
										<th>Timestamp</th>
										<th>TestName</th>
										<th>StackTrace</th>
									</tr>
								</thead>
								<tbody>
									<tr>
										<td>Dec 13, 2023 05:47:43 PM</td>
										<td class='linked' test-id='10'>count_results1</td>
										<td>
											<textarea disabled class="code-block">com.microsoft.playwright.TimeoutError: Error {
  message='Timeout 30000ms exceeded.
  name='TimeoutError
  stack='TimeoutError: Timeout 30000ms exceeded.
    at ProgressController.run (C:\Users\admin\AppData\Local\Temp\playwright-java-18253720800147272891\package\lib\server\progress.js:87:26)
    at Frame.click (C:\Users\admin\AppData\Local\Temp\playwright-java-18253720800147272891\package\lib\server\frames.js:995:23)
    at FrameDispatcher.click (C:\Users\admin\AppData\Local\Temp\playwright-java-18253720800147272891\package\lib\server\dispatchers\frameDispatcher.js:152:30)
    at FrameDispatcher._handleCommand (C:\Users\admin\AppData\Local\Temp\playwright-java-18253720800147272891\package\lib\server\dispatchers\dispatcher.js:84:40)
    at DispatcherConnection.dispatch (C:\Users\admin\AppData\Local\Temp\playwright-java-18253720800147272891\package\lib\server\dispatchers\dispatcher.js:351:39)
}
Call log:
- waiting for getByText("Baby Gear (87) ")

	at com.microsoft.playwright.impl.WaitableResult.get(WaitableResult.java:52)
	at com.microsoft.playwright.impl.ChannelOwner.runUntil(ChannelOwner.java:120)
	at com.microsoft.playwright.impl.Connection.sendMessage(Connection.java:129)
	at com.microsoft.playwright.impl.ChannelOwner.sendMessage(ChannelOwner.java:106)
	at com.microsoft.playwright.impl.FrameImpl.clickImpl(FrameImpl.java:252)
	at com.microsoft.playwright.impl.FrameImpl.lambda$click$8(FrameImpl.java:243)
	at com.microsoft.playwright.impl.LoggingSupport.lambda$withLogging$0(LoggingSupport.java:36)
	at com.microsoft.playwright.impl.LoggingSupport.withLogging(LoggingSupport.java:47)
	at com.microsoft.playwright.impl.ChannelOwner.withLogging(ChannelOwner.java:89)
	at com.microsoft.playwright.impl.LoggingSupport.withLogging(LoggingSupport.java:35)
	at com.microsoft.playwright.impl.FrameImpl.click(FrameImpl.java:243)
	at com.microsoft.playwright.impl.LocatorImpl.click(LocatorImpl.java:140)
	at com.microsoft.playwright.Locator.click(Locator.java:2348)
	at Pages_pom_package.Pom_Shop_By_Age.Bady_gear(Pom_Shop_By_Age.java:28)
	at Test_Scripts_Package.Shop_By_Age.count_results1(Shop_By_Age.java:63)
	at java.base/jdk.internal.reflect.NativeMethodAccessorImpl.invoke0(Native Method)
	at java.base/jdk.internal.reflect.NativeMethodAccessorImpl.invoke(NativeMethodAccessorImpl.java:62)
	at java.base/jdk.internal.reflect.DelegatingMethodAccessorImpl.invoke(DelegatingMethodAccessorImpl.java:43)
	at java.base/java.lang.reflect.Method.invoke(Method.java:566)
	at org.testng.internal.invokers.MethodInvocationHelper.invokeMethod(MethodInvocationHelper.java:139)
	at org.testng.internal.invokers.TestInvoker.invokeMethod(TestInvoker.java:664)
	at org.testng.internal.invokers.TestInvoker.invokeTestMethod(TestInvoker.java:227)
	at org.testng.internal.invokers.MethodRunner.runInSequence(MethodRunner.java:50)
	at org.testng.internal.invokers.TestInvoker$MethodInvocationAgent.invoke(TestInvoker.java:957)
	at org.testng.internal.invokers.TestInvoker.invokeTestMethods(TestInvoker.java:200)
	at org.testng.internal.invokers.TestMethodWorker.invokeTestMethods(TestMethodWorker.java:148)
	at org.testng.internal.invokers.TestMethodWorker.run(TestMethodWorker.java:128)
	at java.base/java.util.ArrayList.forEach(ArrayList.java:1541)
	at org.testng.TestRunner.privateRun(TestRunner.java:848)
	at org.testng.TestRunner.run(TestRunner.java:621)
	at org.testng.SuiteRunner.runTest(SuiteRunner.java:443)
	at org.testng.SuiteRunner.runSequentially(SuiteRunner.java:437)
	at org.testng.SuiteRunner.privateRun(SuiteRunner.java:397)
	at org.testng.SuiteRunner.run(SuiteRunner.java:336)
	at org.testng.SuiteRunnerWorker.runSuite(SuiteRunnerWorker.java:52)
	at org.testng.SuiteRunnerWorker.run(SuiteRunnerWorker.java:95)
	at org.testng.TestNG.runSuitesSequentially(TestNG.java:1280)
	at org.testng.TestNG.runSuitesLocally(TestNG.java:1200)
	at org.testng.TestNG.runSuites(TestNG.java:1114)
	at org.testng.TestNG.run(TestNG.java:1082)
	at com.intellij.rt.testng.IDEARemoteTestNG.run(IDEARemoteTestNG.java:65)
	at com.intellij.rt.testng.RemoteTestNGStarter.main(RemoteTestNGStarter.java:105)
Caused by: com.microsoft.playwright.TimeoutError: Error {
  message='Timeout 30000ms exceeded.
  name='TimeoutError
  stack='TimeoutError: Timeout 30000ms exceeded.
    at ProgressController.run (C:\Users\admin\AppData\Local\Temp\playwright-java-18253720800147272891\package\lib\server\progress.js:87:26)
    at Frame.click (C:\Users\admin\AppData\Local\Temp\playwright-java-18253720800147272891\package\lib\server\frames.js:995:23)
    at FrameDispatcher.click (C:\Users\admin\AppData\Local\Temp\playwright-java-18253720800147272891\package\lib\server\dispatchers\frameDispatcher.js:152:30)
    at FrameDispatcher._handleCommand (C:\Users\admin\AppData\Local\Temp\playwright-java-18253720800147272891\package\lib\server\dispatchers\dispatcher.js:84:40)
    at DispatcherConnection.dispatch (C:\Users\admin\AppData\Local\Temp\playwright-java-18253720800147272891\package\lib\server\dispatchers\dispatcher.js:351:39)
}
Call log:
- waiting for getByText("Baby Gear (87) ")

	at com.microsoft.playwright.impl.Connection.dispatch(Connection.java:252)
	at com.microsoft.playwright.impl.Connection.processOneMessage(Connection.java:209)
	at com.microsoft.playwright.impl.ChannelOwner.runUntil(ChannelOwner.java:118)
	... 40 more
</textarea>
										</td>
									</tr>
								</tbody>
							</table>
						</div>
					</div>
				</li>
				<li class='exception displayed active'>
					<div class='exception-heading'>
						<span class='exception-name'>org.opentest4j.AssertionFailedError</span>
						<span class='exception-count right'><span class='label red lighten-1 white-text'>1</span></span>
					</div>
					<div class='exception-content hide'>
						<div class='exception-tests'>
							<table class='bordered table-results'>
								<thead>
									<tr>
										<th>Timestamp</th>
										<th>TestName</th>
										<th>StackTrace</th>
									</tr>
								</thead>
								<tbody>
									<tr>
										<td>Dec 13, 2023 05:46:58 PM</td>
										<td class='linked' test-id='1'>Homepage_script_1</td>
										<td>
											<textarea disabled class="code-block">org.opentest4j.AssertionFailedError: Page URL expected to be: http://shop.mattel.com/
Received: https://shop.mattel.com/

Call log:
Locator.expect with timeout 5000ms
waiting for locator(":root")
  locator resolved to <html lang="en" class=" async-hide" data-whatinput="in…>…</html>
  unexpected value "https://shop.mattel.com/"
  locator resolved to <html lang="en" class=" async-hide" data-whatinput="in…>…</html>
  unexpected value "https://shop.mattel.com/"
  locator resolved to <html lang="en" class=" async-hide" data-whatinput="in…>…</html>
  unexpected value "https://shop.mattel.com/"
  locator resolved to <html lang="en" class=" async-hide" data-whatinput="in…>…</html>
  unexpected value "https://shop.mattel.com/"
  locator resolved to <html lang="en" class=" async-hide" data-whatintent="m…>…</html>
  unexpected value "https://shop.mattel.com/"
  locator resolved to <html class="" lang="en" data-whatintent="mouse" data-…>…</html>
  unexpected value "https://shop.mattel.com/"
  locator resolved to <html class="" lang="en" data-whatintent="mouse" data-…>…</html>
  unexpected value "https://shop.mattel.com/"
  locator resolved to <html class="" lang="en" data-whatintent="mouse" data-…>…</html>
  unexpected value "https://shop.mattel.com/"
	at com.microsoft.playwright.impl.AssertionsBase.expectImpl(AssertionsBase.java:73)
	at com.microsoft.playwright.impl.AssertionsBase.expectImpl(AssertionsBase.java:50)
	at com.microsoft.playwright.impl.AssertionsBase.expectImpl(AssertionsBase.java:41)
	at com.microsoft.playwright.impl.PageAssertionsImpl.hasURL(PageAssertionsImpl.java:60)
	at com.microsoft.playwright.assertions.PageAssertions.hasURL(PageAssertions.java:142)
	at Test_Scripts_Package.Homepage_scripts.Homepage_script_1(Homepage_scripts.java:38)
	at java.base/jdk.internal.reflect.NativeMethodAccessorImpl.invoke0(Native Method)
	at java.base/jdk.internal.reflect.NativeMethodAccessorImpl.invoke(NativeMethodAccessorImpl.java:62)
	at java.base/jdk.internal.reflect.DelegatingMethodAccessorImpl.invoke(DelegatingMethodAccessorImpl.java:43)
	at java.base/java.lang.reflect.Method.invoke(Method.java:566)
	at org.testng.internal.invokers.MethodInvocationHelper.invokeMethod(MethodInvocationHelper.java:139)
	at org.testng.internal.invokers.TestInvoker.invokeMethod(TestInvoker.java:664)
	at org.testng.internal.invokers.TestInvoker.invokeTestMethod(TestInvoker.java:227)
	at org.testng.internal.invokers.MethodRunner.runInSequence(MethodRunner.java:50)
	at org.testng.internal.invokers.TestInvoker$MethodInvocationAgent.invoke(TestInvoker.java:957)
	at org.testng.internal.invokers.TestInvoker.invokeTestMethods(TestInvoker.java:200)
	at org.testng.internal.invokers.TestMethodWorker.invokeTestMethods(TestMethodWorker.java:148)
	at org.testng.internal.invokers.TestMethodWorker.run(TestMethodWorker.java:128)
	at java.base/java.util.ArrayList.forEach(ArrayList.java:1541)
	at org.testng.TestRunner.privateRun(TestRunner.java:848)
	at org.testng.TestRunner.run(TestRunner.java:621)
	at org.testng.SuiteRunner.runTest(SuiteRunner.java:443)
	at org.testng.SuiteRunner.runSequentially(SuiteRunner.java:437)
	at org.testng.SuiteRunner.privateRun(SuiteRunner.java:397)
	at org.testng.SuiteRunner.run(SuiteRunner.java:336)
	at org.testng.SuiteRunnerWorker.runSuite(SuiteRunnerWorker.java:52)
	at org.testng.SuiteRunnerWorker.run(SuiteRunnerWorker.java:95)
	at org.testng.TestNG.runSuitesSequentially(TestNG.java:1280)
	at org.testng.TestNG.runSuitesLocally(TestNG.java:1200)
	at org.testng.TestNG.runSuites(TestNG.java:1114)
	at org.testng.TestNG.run(TestNG.java:1082)
	at com.intellij.rt.testng.IDEARemoteTestNG.run(IDEARemoteTestNG.java:65)
	at com.intellij.rt.testng.RemoteTestNGStarter.main(RemoteTestNGStarter.java:105)
</textarea>
										</td>
									</tr>
								</tbody>
							</table>
						</div>
					</div>
				</li>
				<li class='exception displayed active'>
					<div class='exception-heading'>
						<span class='exception-name'>com.microsoft.playwright.PlaywrightException</span>
						<span class='exception-count right'><span class='label red lighten-1 white-text'>1</span></span>
					</div>
					<div class='exception-content hide'>
						<div class='exception-tests'>
							<table class='bordered table-results'>
								<thead>
									<tr>
										<th>Timestamp</th>
										<th>TestName</th>
										<th>StackTrace</th>
									</tr>
								</thead>
								<tbody>
									<tr>
										<td>Dec 13, 2023 05:47:39 PM</td>
										<td class='linked' test-id='8'>count_of_products1</td>
										<td>
											<textarea disabled class="code-block">com.microsoft.playwright.PlaywrightException: Error {
  message='Error: strict mode violation: getByText("6-12 Months") resolved to 4 elements:
    1) <a class="nav__menu-sub-link" data-track-text="6-12…>↵                                6-12 Months↵    …</a> aka getByRole(AriaRole.LINK, new Page.GetByRoleOptions().setName("6-12 Months").setExact(true))
    2) <span class="screenreader">{"key":"Age 6-12 Months","value":"\/collections\/…</span> aka getByText("{\"key\":\"Age 6-12 Months\",\"")
    3) <span>Age 6-12 Months</span> aka getByRole(AriaRole.LINK, new Page.GetByRoleOptions().setName("Age 6-12 Months"))
    4) <h1 class="collection__title">↵          Fisher-Price Baby Toys for 6-12 Months…</h1> aka getByRole(AriaRole.HEADING, new Page.GetByRoleOptions().setName("Fisher-Price Baby Toys for 6-"))

  name='Error
  stack='Error: Error: strict mode violation: getByText("6-12 Months") resolved to 4 elements:
    1) <a class="nav__menu-sub-link" data-track-text="6-12…>↵                                6-12 Months↵    …</a> aka getByRole(AriaRole.LINK, new Page.GetByRoleOptions().setName("6-12 Months").setExact(true))
    2) <span class="screenreader">{"key":"Age 6-12 Months","value":"\/collections\/…</span> aka getByText("{\"key\":\"Age 6-12 Months\",\"")
    3) <span>Age 6-12 Months</span> aka getByRole(AriaRole.LINK, new Page.GetByRoleOptions().setName("Age 6-12 Months"))
    4) <h1 class="collection__title">↵          Fisher-Price Baby Toys for 6-12 Months…</h1> aka getByRole(AriaRole.HEADING, new Page.GetByRoleOptions().setName("Fisher-Price Baby Toys for 6-"))

    at CRExecutionContext.evaluateWithArguments (C:\Users\admin\AppData\Local\Temp\playwright-java-18253720800147272891\package\lib\server\chromium\crExecutionContext.js:92:33)
    at async LongStandingScope._race (C:\Users\admin\AppData\Local\Temp\playwright-java-18253720800147272891\package\lib\utils\manualPromise.js:96:14)
    at async evaluateExpression (C:\Users\admin\AppData\Local\Temp\playwright-java-18253720800147272891\package\lib\server\javascript.js:241:12)
    at async C:\Users\admin\AppData\Local\Temp\playwright-java-18253720800147272891\package\lib\server\frames.js:941:22
    at async Frame.retryWithProgressAndTimeouts (C:\Users\admin\AppData\Local\Temp\playwright-java-18253720800147272891\package\lib\server\frames.js:912:24)
    at async C:\Users\admin\AppData\Local\Temp\playwright-java-18253720800147272891\package\lib\server\frames.js:996:29
    at async ProgressController.run (C:\Users\admin\AppData\Local\Temp\playwright-java-18253720800147272891\package\lib\server\progress.js:91:22)
    at async FrameDispatcher.click (C:\Users\admin\AppData\Local\Temp\playwright-java-18253720800147272891\package\lib\server\dispatchers\frameDispatcher.js:152:12)
    at async LongStandingScope._race (C:\Users\admin\AppData\Local\Temp\playwright-java-18253720800147272891\package\lib\utils\manualPromise.js:96:14)
    at async FrameDispatcher._handleCommand (C:\Users\admin\AppData\Local\Temp\playwright-java-18253720800147272891\package\lib\server\dispatchers\dispatcher.js:86:14)
}
Call log:
- waiting for getByText("6-12 Months")

	at com.microsoft.playwright.impl.WaitableResult.get(WaitableResult.java:54)
	at com.microsoft.playwright.impl.ChannelOwner.runUntil(ChannelOwner.java:120)
	at com.microsoft.playwright.impl.Connection.sendMessage(Connection.java:129)
	at com.microsoft.playwright.impl.ChannelOwner.sendMessage(ChannelOwner.java:106)
	at com.microsoft.playwright.impl.FrameImpl.clickImpl(FrameImpl.java:252)
	at com.microsoft.playwright.impl.FrameImpl.lambda$click$8(FrameImpl.java:243)
	at com.microsoft.playwright.impl.LoggingSupport.lambda$withLogging$0(LoggingSupport.java:36)
	at com.microsoft.playwright.impl.LoggingSupport.withLogging(LoggingSupport.java:47)
	at com.microsoft.playwright.impl.ChannelOwner.withLogging(ChannelOwner.java:89)
	at com.microsoft.playwright.impl.LoggingSupport.withLogging(LoggingSupport.java:35)
	at com.microsoft.playwright.impl.FrameImpl.click(FrameImpl.java:243)
	at com.microsoft.playwright.impl.LocatorImpl.click(LocatorImpl.java:140)
	at com.microsoft.playwright.Locator.click(Locator.java:2348)
	at Pages_pom_package.Pom_Shop_By_Age.shop_by_age_six_to_tweleve(Pom_Shop_By_Age.java:20)
	at Test_Scripts_Package.Shop_By_Age.count_of_products1(Shop_By_Age.java:54)
	at java.base/jdk.internal.reflect.NativeMethodAccessorImpl.invoke0(Native Method)
	at java.base/jdk.internal.reflect.NativeMethodAccessorImpl.invoke(NativeMethodAccessorImpl.java:62)
	at java.base/jdk.internal.reflect.DelegatingMethodAccessorImpl.invoke(DelegatingMethodAccessorImpl.java:43)
	at java.base/java.lang.reflect.Method.invoke(Method.java:566)
	at org.testng.internal.invokers.MethodInvocationHelper.invokeMethod(MethodInvocationHelper.java:139)
	at org.testng.internal.invokers.TestInvoker.invokeMethod(TestInvoker.java:664)
	at org.testng.internal.invokers.TestInvoker.invokeTestMethod(TestInvoker.java:227)
	at org.testng.internal.invokers.MethodRunner.runInSequence(MethodRunner.java:50)
	at org.testng.internal.invokers.TestInvoker$MethodInvocationAgent.invoke(TestInvoker.java:957)
	at org.testng.internal.invokers.TestInvoker.invokeTestMethods(TestInvoker.java:200)
	at org.testng.internal.invokers.TestMethodWorker.invokeTestMethods(TestMethodWorker.java:148)
	at org.testng.internal.invokers.TestMethodWorker.run(TestMethodWorker.java:128)
	at java.base/java.util.ArrayList.forEach(ArrayList.java:1541)
	at org.testng.TestRunner.privateRun(TestRunner.java:848)
	at org.testng.TestRunner.run(TestRunner.java:621)
	at org.testng.SuiteRunner.runTest(SuiteRunner.java:443)
	at org.testng.SuiteRunner.runSequentially(SuiteRunner.java:437)
	at org.testng.SuiteRunner.privateRun(SuiteRunner.java:397)
	at org.testng.SuiteRunner.run(SuiteRunner.java:336)
	at org.testng.SuiteRunnerWorker.runSuite(SuiteRunnerWorker.java:52)
	at org.testng.SuiteRunnerWorker.run(SuiteRunnerWorker.java:95)
	at org.testng.TestNG.runSuitesSequentially(TestNG.java:1280)
	at org.testng.TestNG.runSuitesLocally(TestNG.java:1200)
	at org.testng.TestNG.runSuites(TestNG.java:1114)
	at org.testng.TestNG.run(TestNG.java:1082)
	at com.intellij.rt.testng.IDEARemoteTestNG.run(IDEARemoteTestNG.java:65)
	at com.intellij.rt.testng.RemoteTestNGStarter.main(RemoteTestNGStarter.java:105)
Caused by: com.microsoft.playwright.impl.DriverException: Error {
  message='Error: strict mode violation: getByText("6-12 Months") resolved to 4 elements:
    1) <a class="nav__menu-sub-link" data-track-text="6-12…>↵                                6-12 Months↵    …</a> aka getByRole(AriaRole.LINK, new Page.GetByRoleOptions().setName("6-12 Months").setExact(true))
    2) <span class="screenreader">{"key":"Age 6-12 Months","value":"\/collections\/…</span> aka getByText("{\"key\":\"Age 6-12 Months\",\"")
    3) <span>Age 6-12 Months</span> aka getByRole(AriaRole.LINK, new Page.GetByRoleOptions().setName("Age 6-12 Months"))
    4) <h1 class="collection__title">↵          Fisher-Price Baby Toys for 6-12 Months…</h1> aka getByRole(AriaRole.HEADING, new Page.GetByRoleOptions().setName("Fisher-Price Baby Toys for 6-"))

  name='Error
  stack='Error: Error: strict mode violation: getByText("6-12 Months") resolved to 4 elements:
    1) <a class="nav__menu-sub-link" data-track-text="6-12…>↵                                6-12 Months↵    …</a> aka getByRole(AriaRole.LINK, new Page.GetByRoleOptions().setName("6-12 Months").setExact(true))
    2) <span class="screenreader">{"key":"Age 6-12 Months","value":"\/collections\/…</span> aka getByText("{\"key\":\"Age 6-12 Months\",\"")
    3) <span>Age 6-12 Months</span> aka getByRole(AriaRole.LINK, new Page.GetByRoleOptions().setName("Age 6-12 Months"))
    4) <h1 class="collection__title">↵          Fisher-Price Baby Toys for 6-12 Months…</h1> aka getByRole(AriaRole.HEADING, new Page.GetByRoleOptions().setName("Fisher-Price Baby Toys for 6-"))

    at CRExecutionContext.evaluateWithArguments (C:\Users\admin\AppData\Local\Temp\playwright-java-18253720800147272891\package\lib\server\chromium\crExecutionContext.js:92:33)
    at async LongStandingScope._race (C:\Users\admin\AppData\Local\Temp\playwright-java-18253720800147272891\package\lib\utils\manualPromise.js:96:14)
    at async evaluateExpression (C:\Users\admin\AppData\Local\Temp\playwright-java-18253720800147272891\package\lib\server\javascript.js:241:12)
    at async C:\Users\admin\AppData\Local\Temp\playwright-java-18253720800147272891\package\lib\server\frames.js:941:22
    at async Frame.retryWithProgressAndTimeouts (C:\Users\admin\AppData\Local\Temp\playwright-java-18253720800147272891\package\lib\server\frames.js:912:24)
    at async C:\Users\admin\AppData\Local\Temp\playwright-java-18253720800147272891\package\lib\server\frames.js:996:29
    at async ProgressController.run (C:\Users\admin\AppData\Local\Temp\playwright-java-18253720800147272891\package\lib\server\progress.js:91:22)
    at async FrameDispatcher.click (C:\Users\admin\AppData\Local\Temp\playwright-java-18253720800147272891\package\lib\server\dispatchers\frameDispatcher.js:152:12)
    at async LongStandingScope._race (C:\Users\admin\AppData\Local\Temp\playwright-java-18253720800147272891\package\lib\utils\manualPromise.js:96:14)
    at async FrameDispatcher._handleCommand (C:\Users\admin\AppData\Local\Temp\playwright-java-18253720800147272891\package\lib\server\dispatchers\dispatcher.js:86:14)
}
Call log:
- waiting for getByText("6-12 Months")

	at com.microsoft.playwright.impl.Connection.dispatch(Connection.java:257)
	at com.microsoft.playwright.impl.Connection.processOneMessage(Connection.java:209)
	at com.microsoft.playwright.impl.ChannelOwner.runUntil(ChannelOwner.java:118)
	... 40 more
</textarea>
										</td>
									</tr>
								</tbody>
							</table>
						</div>
					</div>
				</li>
			</ul>
		</div>
	</div>
	<div class='subview-right left'>
		<div class='view-summary'>
			<h5 class='exception-name'></h5>
		</div>
	</div>
</div>
<!-- exception view --><div id='dashboard-view' class='view hide'>
	<div class='card-panel transparent np-v'>
		<h5>Dashboard</h5>

		<div class='row'>
			<div class='col s2'>
				<div class='card-panel r'>
					Tests
					<div class='panel-lead'>11</div>
				</div>
			</div>
			<div class='col s2'>
				<div class='card-panel r'>
					Steps
					<div class='panel-lead'>0</div>
				</div>
			</div>
			<div class='col s2'>
				<div class='card-panel r'>
					Start
					<div class='panel-lead'>Dec 13, 2023 05:46:54 PM</div>
				</div>
			</div>
			<div class='col s2'>
				<div class='card-panel r'>
			 		End
			 		<div class='panel-lead'>Dec 13, 2023 05:48:25 PM</div>
				</div>
			</div>
			<div class='col s2'>
				<div class='card-panel r'>
					Time Taken
					<div class='panel-lead'>00 01 31.185</div>
				</div>
			</div>
			<div class='col s4'>
				<div class='card-panel dashboard-environment'>
					<span class='right label cyan white-text'>Environment</span><p>&nbsp;</p>
					
					<table>
						<tr>
							<th>Name</th>
							<th>Value</th>
						</tr>
							<tr>
								<td>Browser</td>
								<td>Chrome</td>
							</tr>
							<tr>
								<td>OS</td>
								<td>Windows 10</td>
							</tr>
							<tr>
								<td>Environment</td>
								<td>Staging</td>
							</tr>
							<tr>
								<td>Tester</td>
								<td>Harish_v</td>
							</tr>
					</table>
				</div>
			</div>
		</div>
	</div>
</div>
<!-- dashboard view -->
		</div>
		<!-- container -->
		<script>
			var statusGroup = {
                parentCount: 11,
				passParent: 8,
				failParent: 3,
				fatalParent: 0,
				errorParent: 0,
				warningParent: 0,
				skipParent: 0,
				childCount: 0,
				passChild: 0,
				failChild: 0,
				fatalChild: 0,
				errorChild: 0,
				warningChild: 0,
				skipChild: 0,
				infoChild: 0,
				grandChildCount: 0,
				passGrandChild: 0,
				failGrandChild: 0,
				fatalGrandChild: 0,
				errorGrandChild: 0,
				warningGrandChild: 0,
				skipGrandChild: 0,
				infoGrandChild: 0,
			};
			</script>
		
		<script>
			var timeline = {
			        "Homepage_script_1":5.038,"Homepage_scripts_2":0.295,"Homepage_scripts_3":9.302,"Shop_options":6.114,"shop_all_funcationality":1.759,"shop_all_checkbox_validate":7.109,"six_to_twelve_months":3.787,"count_of_products1":3.264,"shop_by_age_12_to_24_months":0.673,"count_results1":32.018,"Activites_for_kids_verify":5.116
			};
		</script>
		
		  <script src='http://cdn.jsdelivr.net/gh/extent-framework/extent-github-cdn@ff53917fbbdb5ef820abbbe4d199a6942dc771ff/v3html/js/extent.js' type='text/javascript'></script>
		
		
		<script type='text/javascript'>
				
		</script> 

	</body>
</html>