

<!DOCTYPE html>
<html>
<head>
<meta charset="UTF-8">
<meta name="viewport" content="width=device-width, initial-scale=1, shrink-to-fit=no">
<title>Spark_Mattel_report</title>
<link rel="apple-touch-icon" href="https://cdn.jsdelivr.net/gh/extent-framework/extent-github-cdn@b00a2d0486596e73dd7326beacf352c639623a0e/commons/img/logo.png">
<link rel="shortcut icon" href="https://cdn.jsdelivr.net/gh/extent-framework/extent-github-cdn@b00a2d0486596e73dd7326beacf352c639623a0e/commons/img/logo.png">
<link href="https://cdn.jsdelivr.net/gh/extent-framework/extent-github-cdn@d6562a79075e061305ccfdb82f01e5e195e2d307/spark/css/spark-style.css" rel="stylesheet" />
<link href="https://stackpath.bootstrapcdn.com/font-awesome/4.7.0/css/font-awesome.min.css" rel="stylesheet">
<script src="https://cdn.jsdelivr.net/gh/extent-framework/extent-github-cdn@7cc78ce/spark/js/jsontree.js"></script>
<style type="text/css"></style></head><body class="spa -report dark">
  <div class="app">
    <div class="layout">
<div class="header navbar">
<div class="vheader">
<div class="nav-logo">
<a href="#">
<div class="logo" style="background-image: url('https://cdn.jsdelivr.net/gh/extent-framework/extent-github-cdn@b00a2d0486596e73dd7326beacf352c639623a0e/commons/img/logo.png')"></div>
</a>
</div>
<ul class="nav-left">
<li class="search-box">
<a class="search-toggle" href="#">
<i class="search-icon fa fa-search"></i>
<i class="search-icon-close fa fa-close"></i>
</a>
</li>
<li class="search-input"><input id="search-tests" class="form-control" type="text" placeholder="Search..."></li>
</ul>
<ul class="nav-right">
<li class="m-r-10">
<a href="#"><span class="badge badge-primary">Mattel_report</span></a>
</li>
<li class="m-r-10">
<a href="#"><span class="badge badge-primary">Dec 13, 2023 05:46:54 PM</span></a>
</li>
</ul>
</div>
</div><div class="side-nav">
<div class="side-nav-inner">
<ul class="side-nav-menu">
<li class="nav-item dropdown" onclick="toggleView('test-view')">
<a id="nav-test" class="dropdown-toggle" href="#">
<span class="ico"><i class="fa fa-list"></i></span>
</a>
</li>
<li class="nav-item dropdown" onclick="toggleView('exception-view')">
<a id="nav-exception" class="dropdown-toggle" href="#">
<span class="ico"><i class="fa fa-bug"></i></span>
</a>
</li>
<li class="nav-item dropdown" onclick="toggleView('dashboard-view')">
<a id="nav-dashboard" class="dropdown-toggle" href="#">
<span class="ico"><i class="fa fa-bar-chart"></i></span>
</a>
</li>
</ul>
</div>
</div>      <div class="vcontainer">
        <div class="main-content">
<div class="test-wrapper row view test-view">
  <div class="test-list">
    <div class="test-list-tools">
<ul class="tools pull-left">
<li><a href="#"><span class="font-size-14">Tests</span></a></li>
</ul>
<ul class="tools text-right">
<li class="dropdown">
<a href="#" class="dropdown-toggle" data-toggle="dropdown"><i class="fa fa-exclamation-circle"></i></a>
<ul id="status-toggle" class="dropdown-menu dropdown-md p-v-0">
<a class="dropdown-item" status="pass" href="#"><span>Pass</span><span class="status success"></span></a>
<a class="dropdown-item" status="fail" href="#"><span>Fail</span><span class="status danger"></span></a>
<div class="dropdown-divider"></div>
<a status="clear" class="dropdown-item" href="#"><span>Clear</span><span class="pull-right"><i class="fa fa-close"></i></span></a>
</ul>
</li>
</ul>
</div>    <div class="test-list-wrapper scrollable">
      <ul class="test-list-item">
        <li class="test-item"  status="fail" test-id="1"
          author=""
          tag=""
          device="">
          <div class="test-detail">
            <p class="name">Homepage_script_1</p>
            <p class="text-sm">
              <span>5:46:58 PM</span> / <span>00:00:05:038</span>
              <span class="badge fail-bg log float-right">Fail</span>
            </p>
          </div>
          <div class="test-contents d-none">
<div class="detail-head">
<div class="p-v-10">
<div class="info">
<h5 class="test-status text-fail">Homepage_script_1</h5>
<span class='badge badge-success'>12.13.2023 5:46:58 PM</span>
<span class='badge badge-danger'>12.13.2023 5:47:03 PM</span>
<span class='badge badge-default'>00:00:05:038</span>
&middot; <span class='uri-anchor badge badge-default'>#test-id=1</span>
<span class='badge badge-default pointer float-right ml-1 et'><i class="fa fa-chevron-down"></i></span>
<span class='badge badge-default pointer float-right ct'><i class="fa fa-chevron-up"></i></span>
</div>
</div>
</div><div class="detail-body mt-4">
<table class="table table-sm">
  <thead><tr><th class="status-col">Status</th><th class="timestamp-col">Timestamp</th><th class="details-col">Details</th></tr></thead>
  <tbody>
      <tr class="event-row">
        <td><span class="badge log fail-bg">Fail</span></td>
        <td>5:47:03 PM</td>
        <td>
          Test failure
        </td>
      </tr>
      <tr class="event-row">
        <td><span class="badge log fail-bg">Fail</span></td>
        <td>5:47:03 PM</td>
        <td>
          <textarea readonly class="code-block">org.opentest4j.AssertionFailedError: Page URL expected to be: http://shop.mattel.com/
Received: https://shop.mattel.com/

Call log:
Locator.expect with timeout 5000ms
waiting for locator(":root")
  locator resolved to <html lang="en" class=" async-hide" data-whatinput="in…>…</html>
  unexpected value "https://shop.mattel.com/"
  locator resolved to <html lang="en" class=" async-hide" data-whatinput="in…>…</html>
  unexpected value "https://shop.mattel.com/"
  locator resolved to <html lang="en" class=" async-hide" data-whatinput="in…>…</html>
  unexpected value "https://shop.mattel.com/"
  locator resolved to <html lang="en" class=" async-hide" data-whatinput="in…>…</html>
  unexpected value "https://shop.mattel.com/"
  locator resolved to <html lang="en" class=" async-hide" data-whatintent="m…>…</html>
  unexpected value "https://shop.mattel.com/"
  locator resolved to <html class="" lang="en" data-whatintent="mouse" data-…>…</html>
  unexpected value "https://shop.mattel.com/"
  locator resolved to <html class="" lang="en" data-whatintent="mouse" data-…>…</html>
  unexpected value "https://shop.mattel.com/"
  locator resolved to <html class="" lang="en" data-whatintent="mouse" data-…>…</html>
  unexpected value "https://shop.mattel.com/"
	at com.microsoft.playwright.impl.AssertionsBase.expectImpl(AssertionsBase.java:73)
	at com.microsoft.playwright.impl.AssertionsBase.expectImpl(AssertionsBase.java:50)
	at com.microsoft.playwright.impl.AssertionsBase.expectImpl(AssertionsBase.java:41)
	at com.microsoft.playwright.impl.PageAssertionsImpl.hasURL(PageAssertionsImpl.java:60)
	at com.microsoft.playwright.assertions.PageAssertions.hasURL(PageAssertions.java:142)
	at Test_Scripts_Package.Homepage_scripts.Homepage_script_1(Homepage_scripts.java:38)
	at java.base/jdk.internal.reflect.NativeMethodAccessorImpl.invoke0(Native Method)
	at java.base/jdk.internal.reflect.NativeMethodAccessorImpl.invoke(NativeMethodAccessorImpl.java:62)
	at java.base/jdk.internal.reflect.DelegatingMethodAccessorImpl.invoke(DelegatingMethodAccessorImpl.java:43)
	at java.base/java.lang.reflect.Method.invoke(Method.java:566)
	at org.testng.internal.invokers.MethodInvocationHelper.invokeMethod(MethodInvocationHelper.java:139)
	at org.testng.internal.invokers.TestInvoker.invokeMethod(TestInvoker.java:664)
	at org.testng.internal.invokers.TestInvoker.invokeTestMethod(TestInvoker.java:227)
	at org.testng.internal.invokers.MethodRunner.runInSequence(MethodRunner.java:50)
	at org.testng.internal.invokers.TestInvoker$MethodInvocationAgent.invoke(TestInvoker.java:957)
	at org.testng.internal.invokers.TestInvoker.invokeTestMethods(TestInvoker.java:200)
	at org.testng.internal.invokers.TestMethodWorker.invokeTestMethods(TestMethodWorker.java:148)
	at org.testng.internal.invokers.TestMethodWorker.run(TestMethodWorker.java:128)
	at java.base/java.util.ArrayList.forEach(ArrayList.java:1541)
	at org.testng.TestRunner.privateRun(TestRunner.java:848)
	at org.testng.TestRunner.run(TestRunner.java:621)
	at org.testng.SuiteRunner.runTest(SuiteRunner.java:443)
	at org.testng.SuiteRunner.runSequentially(SuiteRunner.java:437)
	at org.testng.SuiteRunner.privateRun(SuiteRunner.java:397)
	at org.testng.SuiteRunner.run(SuiteRunner.java:336)
	at org.testng.SuiteRunnerWorker.runSuite(SuiteRunnerWorker.java:52)
	at org.testng.SuiteRunnerWorker.run(SuiteRunnerWorker.java:95)
	at org.testng.TestNG.runSuitesSequentially(TestNG.java:1280)
	at org.testng.TestNG.runSuitesLocally(TestNG.java:1200)
	at org.testng.TestNG.runSuites(TestNG.java:1114)
	at org.testng.TestNG.run(TestNG.java:1082)
	at com.intellij.rt.testng.IDEARemoteTestNG.run(IDEARemoteTestNG.java:65)
	at com.intellij.rt.testng.RemoteTestNGStarter.main(RemoteTestNGStarter.java:105)
</textarea>
          
        </td>
      </tr>
      <tr class="event-row">
        <td><span class="badge log fail-bg">Fail</span></td>
        <td>5:47:03 PM</td>
        <td>
          Test 'Homepage_script_1' has failed
        </td>
      </tr>
      <tr class="event-row">
        <td><span class="badge log fail-bg">Fail</span></td>
        <td>5:47:03 PM</td>
        <td>
          Class: Test_Scripts_Package.Homepage_scripts
        </td>
      </tr>
      <tr class="event-row">
        <td><span class="badge log fail-bg">Fail</span></td>
        <td>5:47:03 PM</td>
        <td>
          Method: Homepage_script_1
        </td>
      </tr>
      <tr class="event-row">
        <td><span class="badge log fail-bg">Fail</span></td>
        <td>5:47:03 PM</td>
        <td>
          Timestamp: 1702469823361
        </td>
      </tr>
  </tbody>
</table>
</div>
          </div>
        </li>
        <li class="test-item"  status="pass" test-id="2"
          author=""
          tag=""
          device="">
          <div class="test-detail">
            <p class="name">Homepage_scripts_2</p>
            <p class="text-sm">
              <span>5:47:03 PM</span> / <span>00:00:00:295</span>
              <span class="badge pass-bg log float-right">Pass</span>
            </p>
          </div>
          <div class="test-contents d-none">
<div class="detail-head">
<div class="p-v-10">
<div class="info">
<h5 class="test-status text-pass">Homepage_scripts_2</h5>
<span class='badge badge-success'>12.13.2023 5:47:03 PM</span>
<span class='badge badge-danger'>12.13.2023 5:47:03 PM</span>
<span class='badge badge-default'>00:00:00:295</span>
&middot; <span class='uri-anchor badge badge-default'>#test-id=2</span>
<span class='badge badge-default pointer float-right ml-1 et'><i class="fa fa-chevron-down"></i></span>
<span class='badge badge-default pointer float-right ct'><i class="fa fa-chevron-up"></i></span>
</div>
</div>
</div><div class="detail-body mt-4">
<table class="table table-sm">
  <thead><tr><th class="status-col">Status</th><th class="timestamp-col">Timestamp</th><th class="details-col">Details</th></tr></thead>
  <tbody>
      <tr class="event-row">
        <td><span class="badge log pass-bg">Pass</span></td>
        <td>5:47:03 PM</td>
        <td>
          Test sucessful
        </td>
      </tr>
      <tr class="event-row">
        <td><span class="badge log pass-bg">Pass</span></td>
        <td>5:47:03 PM</td>
        <td>
          testcase_excuetion_suceessful
        </td>
      </tr>
  </tbody>
</table>
</div>
          </div>
        </li>
        <li class="test-item"  status="pass" test-id="3"
          author=""
          tag=""
          device="">
          <div class="test-detail">
            <p class="name">Homepage_scripts_3</p>
            <p class="text-sm">
              <span>5:47:03 PM</span> / <span>00:00:09:302</span>
              <span class="badge pass-bg log float-right">Pass</span>
            </p>
          </div>
          <div class="test-contents d-none">
<div class="detail-head">
<div class="p-v-10">
<div class="info">
<h5 class="test-status text-pass">Homepage_scripts_3</h5>
<span class='badge badge-success'>12.13.2023 5:47:03 PM</span>
<span class='badge badge-danger'>12.13.2023 5:47:12 PM</span>
<span class='badge badge-default'>00:00:09:302</span>
&middot; <span class='uri-anchor badge badge-default'>#test-id=3</span>
<span class='badge badge-default pointer float-right ml-1 et'><i class="fa fa-chevron-down"></i></span>
<span class='badge badge-default pointer float-right ct'><i class="fa fa-chevron-up"></i></span>
</div>
</div>
</div><div class="detail-body mt-4">
<table class="table table-sm">
  <thead><tr><th class="status-col">Status</th><th class="timestamp-col">Timestamp</th><th class="details-col">Details</th></tr></thead>
  <tbody>
      <tr class="event-row">
        <td><span class="badge log pass-bg">Pass</span></td>
        <td>5:47:12 PM</td>
        <td>
          Test sucessful
        </td>
      </tr>
      <tr class="event-row">
        <td><span class="badge log pass-bg">Pass</span></td>
        <td>5:47:12 PM</td>
        <td>
          testcase_excuetion_suceessful
        </td>
      </tr>
  </tbody>
</table>
</div>
          </div>
        </li>
        <li class="test-item"  status="pass" test-id="4"
          author=""
          tag=""
          device="">
          <div class="test-detail">
            <p class="name">Shop_options</p>
            <p class="text-sm">
              <span>5:47:17 PM</span> / <span>00:00:06:114</span>
              <span class="badge pass-bg log float-right">Pass</span>
            </p>
          </div>
          <div class="test-contents d-none">
<div class="detail-head">
<div class="p-v-10">
<div class="info">
<h5 class="test-status text-pass">Shop_options</h5>
<span class='badge badge-success'>12.13.2023 5:47:17 PM</span>
<span class='badge badge-danger'>12.13.2023 5:47:23 PM</span>
<span class='badge badge-default'>00:00:06:114</span>
&middot; <span class='uri-anchor badge badge-default'>#test-id=4</span>
<span class='badge badge-default pointer float-right ml-1 et'><i class="fa fa-chevron-down"></i></span>
<span class='badge badge-default pointer float-right ct'><i class="fa fa-chevron-up"></i></span>
</div>
</div>
</div><div class="detail-body mt-4">
<table class="table table-sm">
  <thead><tr><th class="status-col">Status</th><th class="timestamp-col">Timestamp</th><th class="details-col">Details</th></tr></thead>
  <tbody>
      <tr class="event-row">
        <td><span class="badge log pass-bg">Pass</span></td>
        <td>5:47:23 PM</td>
        <td>
          Test sucessful
        </td>
      </tr>
      <tr class="event-row">
        <td><span class="badge log pass-bg">Pass</span></td>
        <td>5:47:23 PM</td>
        <td>
          testcase_excuetion_suceessful
        </td>
      </tr>
  </tbody>
</table>
</div>
          </div>
        </li>
        <li class="test-item"  status="pass" test-id="5"
          author=""
          tag=""
          device="">
          <div class="test-detail">
            <p class="name">shop_all_funcationality</p>
            <p class="text-sm">
              <span>5:47:23 PM</span> / <span>00:00:01:759</span>
              <span class="badge pass-bg log float-right">Pass</span>
            </p>
          </div>
          <div class="test-contents d-none">
<div class="detail-head">
<div class="p-v-10">
<div class="info">
<h5 class="test-status text-pass">shop_all_funcationality</h5>
<span class='badge badge-success'>12.13.2023 5:47:23 PM</span>
<span class='badge badge-danger'>12.13.2023 5:47:25 PM</span>
<span class='badge badge-default'>00:00:01:759</span>
&middot; <span class='uri-anchor badge badge-default'>#test-id=5</span>
<span class='badge badge-default pointer float-right ml-1 et'><i class="fa fa-chevron-down"></i></span>
<span class='badge badge-default pointer float-right ct'><i class="fa fa-chevron-up"></i></span>
</div>
</div>
</div><div class="detail-body mt-4">
<table class="table table-sm">
  <thead><tr><th class="status-col">Status</th><th class="timestamp-col">Timestamp</th><th class="details-col">Details</th></tr></thead>
  <tbody>
      <tr class="event-row">
        <td><span class="badge log pass-bg">Pass</span></td>
        <td>5:47:25 PM</td>
        <td>
          Test sucessful
        </td>
      </tr>
      <tr class="event-row">
        <td><span class="badge log pass-bg">Pass</span></td>
        <td>5:47:25 PM</td>
        <td>
          testcase_excuetion_suceessful
        </td>
      </tr>
  </tbody>
</table>
</div>
          </div>
        </li>
        <li class="test-item"  status="pass" test-id="6"
          author=""
          tag=""
          device="">
          <div class="test-detail">
            <p class="name">shop_all_checkbox_validate</p>
            <p class="text-sm">
              <span>5:47:25 PM</span> / <span>00:00:07:109</span>
              <span class="badge pass-bg log float-right">Pass</span>
            </p>
          </div>
          <div class="test-contents d-none">
<div class="detail-head">
<div class="p-v-10">
<div class="info">
<h5 class="test-status text-pass">shop_all_checkbox_validate</h5>
<span class='badge badge-success'>12.13.2023 5:47:25 PM</span>
<span class='badge badge-danger'>12.13.2023 5:47:32 PM</span>
<span class='badge badge-default'>00:00:07:109</span>
&middot; <span class='uri-anchor badge badge-default'>#test-id=6</span>
<span class='badge badge-default pointer float-right ml-1 et'><i class="fa fa-chevron-down"></i></span>
<span class='badge badge-default pointer float-right ct'><i class="fa fa-chevron-up"></i></span>
</div>
</div>
</div><div class="detail-body mt-4">
<table class="table table-sm">
  <thead><tr><th class="status-col">Status</th><th class="timestamp-col">Timestamp</th><th class="details-col">Details</th></tr></thead>
  <tbody>
      <tr class="event-row">
        <td><span class="badge log pass-bg">Pass</span></td>
        <td>5:47:32 PM</td>
        <td>
          Test sucessful
        </td>
      </tr>
      <tr class="event-row">
        <td><span class="badge log pass-bg">Pass</span></td>
        <td>5:47:32 PM</td>
        <td>
          testcase_excuetion_suceessful
        </td>
      </tr>
  </tbody>
</table>
</div>
          </div>
        </li>
        <li class="test-item"  status="pass" test-id="7"
          author=""
          tag=""
          device="">
          <div class="test-detail">
            <p class="name">six_to_twelve_months</p>
            <p class="text-sm">
              <span>5:47:35 PM</span> / <span>00:00:03:787</span>
              <span class="badge pass-bg log float-right">Pass</span>
            </p>
          </div>
          <div class="test-contents d-none">
<div class="detail-head">
<div class="p-v-10">
<div class="info">
<h5 class="test-status text-pass">six_to_twelve_months</h5>
<span class='badge badge-success'>12.13.2023 5:47:35 PM</span>
<span class='badge badge-danger'>12.13.2023 5:47:39 PM</span>
<span class='badge badge-default'>00:00:03:787</span>
&middot; <span class='uri-anchor badge badge-default'>#test-id=7</span>
<span class='badge badge-default pointer float-right ml-1 et'><i class="fa fa-chevron-down"></i></span>
<span class='badge badge-default pointer float-right ct'><i class="fa fa-chevron-up"></i></span>
</div>
</div>
</div><div class="detail-body mt-4">
<table class="table table-sm">
  <thead><tr><th class="status-col">Status</th><th class="timestamp-col">Timestamp</th><th class="details-col">Details</th></tr></thead>
  <tbody>
      <tr class="event-row">
        <td><span class="badge log pass-bg">Pass</span></td>
        <td>5:47:39 PM</td>
        <td>
          Test sucessful
        </td>
      </tr>
      <tr class="event-row">
        <td><span class="badge log pass-bg">Pass</span></td>
        <td>5:47:39 PM</td>
        <td>
          testcase_excuetion_suceessful
        </td>
      </tr>
  </tbody>
</table>
</div>
          </div>
        </li>
        <li class="test-item"  status="fail" test-id="8"
          author=""
          tag=""
          device="">
          <div class="test-detail">
            <p class="name">count_of_products1</p>
            <p class="text-sm">
              <span>5:47:39 PM</span> / <span>00:00:03:264</span>
              <span class="badge fail-bg log float-right">Fail</span>
            </p>
          </div>
          <div class="test-contents d-none">
<div class="detail-head">
<div class="p-v-10">
<div class="info">
<h5 class="test-status text-fail">count_of_products1</h5>
<span class='badge badge-success'>12.13.2023 5:47:39 PM</span>
<span class='badge badge-danger'>12.13.2023 5:47:42 PM</span>
<span class='badge badge-default'>00:00:03:264</span>
&middot; <span class='uri-anchor badge badge-default'>#test-id=8</span>
<span class='badge badge-default pointer float-right ml-1 et'><i class="fa fa-chevron-down"></i></span>
<span class='badge badge-default pointer float-right ct'><i class="fa fa-chevron-up"></i></span>
</div>
</div>
</div><div class="detail-body mt-4">
<table class="table table-sm">
  <thead><tr><th class="status-col">Status</th><th class="timestamp-col">Timestamp</th><th class="details-col">Details</th></tr></thead>
  <tbody>
      <tr class="event-row">
        <td><span class="badge log fail-bg">Fail</span></td>
        <td>5:47:42 PM</td>
        <td>
          Test failure
        </td>
      </tr>
      <tr class="event-row">
        <td><span class="badge log fail-bg">Fail</span></td>
        <td>5:47:42 PM</td>
        <td>
          <textarea readonly class="code-block">com.microsoft.playwright.PlaywrightException: Error {
  message='Error: strict mode violation: getByText("6-12 Months") resolved to 4 elements:
    1) <a class="nav__menu-sub-link" data-track-text="6-12…>↵                                6-12 Months↵    …</a> aka getByRole(AriaRole.LINK, new Page.GetByRoleOptions().setName("6-12 Months").setExact(true))
    2) <span class="screenreader">{"key":"Age 6-12 Months","value":"\/collections\/…</span> aka getByText("{\"key\":\"Age 6-12 Months\",\"")
    3) <span>Age 6-12 Months</span> aka getByRole(AriaRole.LINK, new Page.GetByRoleOptions().setName("Age 6-12 Months"))
    4) <h1 class="collection__title">↵          Fisher-Price Baby Toys for 6-12 Months…</h1> aka getByRole(AriaRole.HEADING, new Page.GetByRoleOptions().setName("Fisher-Price Baby Toys for 6-"))

  name='Error
  stack='Error: Error: strict mode violation: getByText("6-12 Months") resolved to 4 elements:
    1) <a class="nav__menu-sub-link" data-track-text="6-12…>↵                                6-12 Months↵    …</a> aka getByRole(AriaRole.LINK, new Page.GetByRoleOptions().setName("6-12 Months").setExact(true))
    2) <span class="screenreader">{"key":"Age 6-12 Months","value":"\/collections\/…</span> aka getByText("{\"key\":\"Age 6-12 Months\",\"")
    3) <span>Age 6-12 Months</span> aka getByRole(AriaRole.LINK, new Page.GetByRoleOptions().setName("Age 6-12 Months"))
    4) <h1 class="collection__title">↵          Fisher-Price Baby Toys for 6-12 Months…</h1> aka getByRole(AriaRole.HEADING, new Page.GetByRoleOptions().setName("Fisher-Price Baby Toys for 6-"))

    at CRExecutionContext.evaluateWithArguments (C:\Users\admin\AppData\Local\Temp\playwright-java-18253720800147272891\package\lib\server\chromium\crExecutionContext.js:92:33)
    at async LongStandingScope._race (C:\Users\admin\AppData\Local\Temp\playwright-java-18253720800147272891\package\lib\utils\manualPromise.js:96:14)
    at async evaluateExpression (C:\Users\admin\AppData\Local\Temp\playwright-java-18253720800147272891\package\lib\server\javascript.js:241:12)
    at async C:\Users\admin\AppData\Local\Temp\playwright-java-18253720800147272891\package\lib\server\frames.js:941:22
    at async Frame.retryWithProgressAndTimeouts (C:\Users\admin\AppData\Local\Temp\playwright-java-18253720800147272891\package\lib\server\frames.js:912:24)
    at async C:\Users\admin\AppData\Local\Temp\playwright-java-18253720800147272891\package\lib\server\frames.js:996:29
    at async ProgressController.run (C:\Users\admin\AppData\Local\Temp\playwright-java-18253720800147272891\package\lib\server\progress.js:91:22)
    at async FrameDispatcher.click (C:\Users\admin\AppData\Local\Temp\playwright-java-18253720800147272891\package\lib\server\dispatchers\frameDispatcher.js:152:12)
    at async LongStandingScope._race (C:\Users\admin\AppData\Local\Temp\playwright-java-18253720800147272891\package\lib\utils\manualPromise.js:96:14)
    at async FrameDispatcher._handleCommand (C:\Users\admin\AppData\Local\Temp\playwright-java-18253720800147272891\package\lib\server\dispatchers\dispatcher.js:86:14)
}
Call log:
- waiting for getByText("6-12 Months")

	at com.microsoft.playwright.impl.WaitableResult.get(WaitableResult.java:54)
	at com.microsoft.playwright.impl.ChannelOwner.runUntil(ChannelOwner.java:120)
	at com.microsoft.playwright.impl.Connection.sendMessage(Connection.java:129)
	at com.microsoft.playwright.impl.ChannelOwner.sendMessage(ChannelOwner.java:106)
	at com.microsoft.playwright.impl.FrameImpl.clickImpl(FrameImpl.java:252)
	at com.microsoft.playwright.impl.FrameImpl.lambda$click$8(FrameImpl.java:243)
	at com.microsoft.playwright.impl.LoggingSupport.lambda$withLogging$0(LoggingSupport.java:36)
	at com.microsoft.playwright.impl.LoggingSupport.withLogging(LoggingSupport.java:47)
	at com.microsoft.playwright.impl.ChannelOwner.withLogging(ChannelOwner.java:89)
	at com.microsoft.playwright.impl.LoggingSupport.withLogging(LoggingSupport.java:35)
	at com.microsoft.playwright.impl.FrameImpl.click(FrameImpl.java:243)
	at com.microsoft.playwright.impl.LocatorImpl.click(LocatorImpl.java:140)
	at com.microsoft.playwright.Locator.click(Locator.java:2348)
	at Pages_pom_package.Pom_Shop_By_Age.shop_by_age_six_to_tweleve(Pom_Shop_By_Age.java:20)
	at Test_Scripts_Package.Shop_By_Age.count_of_products1(Shop_By_Age.java:54)
	at java.base/jdk.internal.reflect.NativeMethodAccessorImpl.invoke0(Native Method)
	at java.base/jdk.internal.reflect.NativeMethodAccessorImpl.invoke(NativeMethodAccessorImpl.java:62)
	at java.base/jdk.internal.reflect.DelegatingMethodAccessorImpl.invoke(DelegatingMethodAccessorImpl.java:43)
	at java.base/java.lang.reflect.Method.invoke(Method.java:566)
	at org.testng.internal.invokers.MethodInvocationHelper.invokeMethod(MethodInvocationHelper.java:139)
	at org.testng.internal.invokers.TestInvoker.invokeMethod(TestInvoker.java:664)
	at org.testng.internal.invokers.TestInvoker.invokeTestMethod(TestInvoker.java:227)
	at org.testng.internal.invokers.MethodRunner.runInSequence(MethodRunner.java:50)
	at org.testng.internal.invokers.TestInvoker$MethodInvocationAgent.invoke(TestInvoker.java:957)
	at org.testng.internal.invokers.TestInvoker.invokeTestMethods(TestInvoker.java:200)
	at org.testng.internal.invokers.TestMethodWorker.invokeTestMethods(TestMethodWorker.java:148)
	at org.testng.internal.invokers.TestMethodWorker.run(TestMethodWorker.java:128)
	at java.base/java.util.ArrayList.forEach(ArrayList.java:1541)
	at org.testng.TestRunner.privateRun(TestRunner.java:848)
	at org.testng.TestRunner.run(TestRunner.java:621)
	at org.testng.SuiteRunner.runTest(SuiteRunner.java:443)
	at org.testng.SuiteRunner.runSequentially(SuiteRunner.java:437)
	at org.testng.SuiteRunner.privateRun(SuiteRunner.java:397)
	at org.testng.SuiteRunner.run(SuiteRunner.java:336)
	at org.testng.SuiteRunnerWorker.runSuite(SuiteRunnerWorker.java:52)
	at org.testng.SuiteRunnerWorker.run(SuiteRunnerWorker.java:95)
	at org.testng.TestNG.runSuitesSequentially(TestNG.java:1280)
	at org.testng.TestNG.runSuitesLocally(TestNG.java:1200)
	at org.testng.TestNG.runSuites(TestNG.java:1114)
	at org.testng.TestNG.run(TestNG.java:1082)
	at com.intellij.rt.testng.IDEARemoteTestNG.run(IDEARemoteTestNG.java:65)
	at com.intellij.rt.testng.RemoteTestNGStarter.main(RemoteTestNGStarter.java:105)
Caused by: com.microsoft.playwright.impl.DriverException: Error {
  message='Error: strict mode violation: getByText("6-12 Months") resolved to 4 elements:
    1) <a class="nav__menu-sub-link" data-track-text="6-12…>↵                                6-12 Months↵    …</a> aka getByRole(AriaRole.LINK, new Page.GetByRoleOptions().setName("6-12 Months").setExact(true))
    2) <span class="screenreader">{"key":"Age 6-12 Months","value":"\/collections\/…</span> aka getByText("{\"key\":\"Age 6-12 Months\",\"")
    3) <span>Age 6-12 Months</span> aka getByRole(AriaRole.LINK, new Page.GetByRoleOptions().setName("Age 6-12 Months"))
    4) <h1 class="collection__title">↵          Fisher-Price Baby Toys for 6-12 Months…</h1> aka getByRole(AriaRole.HEADING, new Page.GetByRoleOptions().setName("Fisher-Price Baby Toys for 6-"))

  name='Error
  stack='Error: Error: strict mode violation: getByText("6-12 Months") resolved to 4 elements:
    1) <a class="nav__menu-sub-link" data-track-text="6-12…>↵                                6-12 Months↵    …</a> aka getByRole(AriaRole.LINK, new Page.GetByRoleOptions().setName("6-12 Months").setExact(true))
    2) <span class="screenreader">{"key":"Age 6-12 Months","value":"\/collections\/…</span> aka getByText("{\"key\":\"Age 6-12 Months\",\"")
    3) <span>Age 6-12 Months</span> aka getByRole(AriaRole.LINK, new Page.GetByRoleOptions().setName("Age 6-12 Months"))
    4) <h1 class="collection__title">↵          Fisher-Price Baby Toys for 6-12 Months…</h1> aka getByRole(AriaRole.HEADING, new Page.GetByRoleOptions().setName("Fisher-Price Baby Toys for 6-"))

    at CRExecutionContext.evaluateWithArguments (C:\Users\admin\AppData\Local\Temp\playwright-java-18253720800147272891\package\lib\server\chromium\crExecutionContext.js:92:33)
    at async LongStandingScope._race (C:\Users\admin\AppData\Local\Temp\playwright-java-18253720800147272891\package\lib\utils\manualPromise.js:96:14)
    at async evaluateExpression (C:\Users\admin\AppData\Local\Temp\playwright-java-18253720800147272891\package\lib\server\javascript.js:241:12)
    at async C:\Users\admin\AppData\Local\Temp\playwright-java-18253720800147272891\package\lib\server\frames.js:941:22
    at async Frame.retryWithProgressAndTimeouts (C:\Users\admin\AppData\Local\Temp\playwright-java-18253720800147272891\package\lib\server\frames.js:912:24)
    at async C:\Users\admin\AppData\Local\Temp\playwright-java-18253720800147272891\package\lib\server\frames.js:996:29
    at async ProgressController.run (C:\Users\admin\AppData\Local\Temp\playwright-java-18253720800147272891\package\lib\server\progress.js:91:22)
    at async FrameDispatcher.click (C:\Users\admin\AppData\Local\Temp\playwright-java-18253720800147272891\package\lib\server\dispatchers\frameDispatcher.js:152:12)
    at async LongStandingScope._race (C:\Users\admin\AppData\Local\Temp\playwright-java-18253720800147272891\package\lib\utils\manualPromise.js:96:14)
    at async FrameDispatcher._handleCommand (C:\Users\admin\AppData\Local\Temp\playwright-java-18253720800147272891\package\lib\server\dispatchers\dispatcher.js:86:14)
}
Call log:
- waiting for getByText("6-12 Months")

	at com.microsoft.playwright.impl.Connection.dispatch(Connection.java:257)
	at com.microsoft.playwright.impl.Connection.processOneMessage(Connection.java:209)
	at com.microsoft.playwright.impl.ChannelOwner.runUntil(ChannelOwner.java:118)
	... 40 more
</textarea>
          
        </td>
      </tr>
      <tr class="event-row">
        <td><span class="badge log fail-bg">Fail</span></td>
        <td>5:47:42 PM</td>
        <td>
          Test 'count_of_products1' has failed
        </td>
      </tr>
      <tr class="event-row">
        <td><span class="badge log fail-bg">Fail</span></td>
        <td>5:47:42 PM</td>
        <td>
          Class: Test_Scripts_Package.Shop_By_Age
        </td>
      </tr>
      <tr class="event-row">
        <td><span class="badge log fail-bg">Fail</span></td>
        <td>5:47:42 PM</td>
        <td>
          Method: count_of_products1
        </td>
      </tr>
      <tr class="event-row">
        <td><span class="badge log fail-bg">Fail</span></td>
        <td>5:47:42 PM</td>
        <td>
          Timestamp: 1702469862774
        </td>
      </tr>
  </tbody>
</table>
</div>
          </div>
        </li>
        <li class="test-item"  status="pass" test-id="9"
          author=""
          tag=""
          device="">
          <div class="test-detail">
            <p class="name">shop_by_age_12_to_24_months</p>
            <p class="text-sm">
              <span>5:47:42 PM</span> / <span>00:00:00:673</span>
              <span class="badge pass-bg log float-right">Pass</span>
            </p>
          </div>
          <div class="test-contents d-none">
<div class="detail-head">
<div class="p-v-10">
<div class="info">
<h5 class="test-status text-pass">shop_by_age_12_to_24_months</h5>
<span class='badge badge-success'>12.13.2023 5:47:42 PM</span>
<span class='badge badge-danger'>12.13.2023 5:47:43 PM</span>
<span class='badge badge-default'>00:00:00:673</span>
&middot; <span class='uri-anchor badge badge-default'>#test-id=9</span>
<span class='badge badge-default pointer float-right ml-1 et'><i class="fa fa-chevron-down"></i></span>
<span class='badge badge-default pointer float-right ct'><i class="fa fa-chevron-up"></i></span>
</div>
</div>
</div><div class="detail-body mt-4">
<table class="table table-sm">
  <thead><tr><th class="status-col">Status</th><th class="timestamp-col">Timestamp</th><th class="details-col">Details</th></tr></thead>
  <tbody>
      <tr class="event-row">
        <td><span class="badge log pass-bg">Pass</span></td>
        <td>5:47:43 PM</td>
        <td>
          Test sucessful
        </td>
      </tr>
      <tr class="event-row">
        <td><span class="badge log pass-bg">Pass</span></td>
        <td>5:47:43 PM</td>
        <td>
          testcase_excuetion_suceessful
        </td>
      </tr>
  </tbody>
</table>
</div>
          </div>
        </li>
        <li class="test-item"  status="fail" test-id="10"
          author=""
          tag=""
          device="">
          <div class="test-detail">
            <p class="name">count_results1</p>
            <p class="text-sm">
              <span>5:47:43 PM</span> / <span>00:00:32:018</span>
              <span class="badge fail-bg log float-right">Fail</span>
            </p>
          </div>
          <div class="test-contents d-none">
<div class="detail-head">
<div class="p-v-10">
<div class="info">
<h5 class="test-status text-fail">count_results1</h5>
<span class='badge badge-success'>12.13.2023 5:47:43 PM</span>
<span class='badge badge-danger'>12.13.2023 5:48:15 PM</span>
<span class='badge badge-default'>00:00:32:018</span>
&middot; <span class='uri-anchor badge badge-default'>#test-id=10</span>
<span class='badge badge-default pointer float-right ml-1 et'><i class="fa fa-chevron-down"></i></span>
<span class='badge badge-default pointer float-right ct'><i class="fa fa-chevron-up"></i></span>
</div>
</div>
</div><div class="detail-body mt-4">
<table class="table table-sm">
  <thead><tr><th class="status-col">Status</th><th class="timestamp-col">Timestamp</th><th class="details-col">Details</th></tr></thead>
  <tbody>
      <tr class="event-row">
        <td><span class="badge log fail-bg">Fail</span></td>
        <td>5:48:15 PM</td>
        <td>
          Test failure
        </td>
      </tr>
      <tr class="event-row">
        <td><span class="badge log fail-bg">Fail</span></td>
        <td>5:48:15 PM</td>
        <td>
          <textarea readonly class="code-block">com.microsoft.playwright.TimeoutError: Error {
  message='Timeout 30000ms exceeded.
  name='TimeoutError
  stack='TimeoutError: Timeout 30000ms exceeded.
    at ProgressController.run (C:\Users\admin\AppData\Local\Temp\playwright-java-18253720800147272891\package\lib\server\progress.js:87:26)
    at Frame.click (C:\Users\admin\AppData\Local\Temp\playwright-java-18253720800147272891\package\lib\server\frames.js:995:23)
    at FrameDispatcher.click (C:\Users\admin\AppData\Local\Temp\playwright-java-18253720800147272891\package\lib\server\dispatchers\frameDispatcher.js:152:30)
    at FrameDispatcher._handleCommand (C:\Users\admin\AppData\Local\Temp\playwright-java-18253720800147272891\package\lib\server\dispatchers\dispatcher.js:84:40)
    at DispatcherConnection.dispatch (C:\Users\admin\AppData\Local\Temp\playwright-java-18253720800147272891\package\lib\server\dispatchers\dispatcher.js:351:39)
}
Call log:
- waiting for getByText("Baby Gear (87) ")

	at com.microsoft.playwright.impl.WaitableResult.get(WaitableResult.java:52)
	at com.microsoft.playwright.impl.ChannelOwner.runUntil(ChannelOwner.java:120)
	at com.microsoft.playwright.impl.Connection.sendMessage(Connection.java:129)
	at com.microsoft.playwright.impl.ChannelOwner.sendMessage(ChannelOwner.java:106)
	at com.microsoft.playwright.impl.FrameImpl.clickImpl(FrameImpl.java:252)
	at com.microsoft.playwright.impl.FrameImpl.lambda$click$8(FrameImpl.java:243)
	at com.microsoft.playwright.impl.LoggingSupport.lambda$withLogging$0(LoggingSupport.java:36)
	at com.microsoft.playwright.impl.LoggingSupport.withLogging(LoggingSupport.java:47)
	at com.microsoft.playwright.impl.ChannelOwner.withLogging(ChannelOwner.java:89)
	at com.microsoft.playwright.impl.LoggingSupport.withLogging(LoggingSupport.java:35)
	at com.microsoft.playwright.impl.FrameImpl.click(FrameImpl.java:243)
	at com.microsoft.playwright.impl.LocatorImpl.click(LocatorImpl.java:140)
	at com.microsoft.playwright.Locator.click(Locator.java:2348)
	at Pages_pom_package.Pom_Shop_By_Age.Bady_gear(Pom_Shop_By_Age.java:28)
	at Test_Scripts_Package.Shop_By_Age.count_results1(Shop_By_Age.java:63)
	at java.base/jdk.internal.reflect.NativeMethodAccessorImpl.invoke0(Native Method)
	at java.base/jdk.internal.reflect.NativeMethodAccessorImpl.invoke(NativeMethodAccessorImpl.java:62)
	at java.base/jdk.internal.reflect.DelegatingMethodAccessorImpl.invoke(DelegatingMethodAccessorImpl.java:43)
	at java.base/java.lang.reflect.Method.invoke(Method.java:566)
	at org.testng.internal.invokers.MethodInvocationHelper.invokeMethod(MethodInvocationHelper.java:139)
	at org.testng.internal.invokers.TestInvoker.invokeMethod(TestInvoker.java:664)
	at org.testng.internal.invokers.TestInvoker.invokeTestMethod(TestInvoker.java:227)
	at org.testng.internal.invokers.MethodRunner.runInSequence(MethodRunner.java:50)
	at org.testng.internal.invokers.TestInvoker$MethodInvocationAgent.invoke(TestInvoker.java:957)
	at org.testng.internal.invokers.TestInvoker.invokeTestMethods(TestInvoker.java:200)
	at org.testng.internal.invokers.TestMethodWorker.invokeTestMethods(TestMethodWorker.java:148)
	at org.testng.internal.invokers.TestMethodWorker.run(TestMethodWorker.java:128)
	at java.base/java.util.ArrayList.forEach(ArrayList.java:1541)
	at org.testng.TestRunner.privateRun(TestRunner.java:848)
	at org.testng.TestRunner.run(TestRunner.java:621)
	at org.testng.SuiteRunner.runTest(SuiteRunner.java:443)
	at org.testng.SuiteRunner.runSequentially(SuiteRunner.java:437)
	at org.testng.SuiteRunner.privateRun(SuiteRunner.java:397)
	at org.testng.SuiteRunner.run(SuiteRunner.java:336)
	at org.testng.SuiteRunnerWorker.runSuite(SuiteRunnerWorker.java:52)
	at org.testng.SuiteRunnerWorker.run(SuiteRunnerWorker.java:95)
	at org.testng.TestNG.runSuitesSequentially(TestNG.java:1280)
	at org.testng.TestNG.runSuitesLocally(TestNG.java:1200)
	at org.testng.TestNG.runSuites(TestNG.java:1114)
	at org.testng.TestNG.run(TestNG.java:1082)
	at com.intellij.rt.testng.IDEARemoteTestNG.run(IDEARemoteTestNG.java:65)
	at com.intellij.rt.testng.RemoteTestNGStarter.main(RemoteTestNGStarter.java:105)
Caused by: com.microsoft.playwright.TimeoutError: Error {
  message='Timeout 30000ms exceeded.
  name='TimeoutError
  stack='TimeoutError: Timeout 30000ms exceeded.
    at ProgressController.run (C:\Users\admin\AppData\Local\Temp\playwright-java-18253720800147272891\package\lib\server\progress.js:87:26)
    at Frame.click (C:\Users\admin\AppData\Local\Temp\playwright-java-18253720800147272891\package\lib\server\frames.js:995:23)
    at FrameDispatcher.click (C:\Users\admin\AppData\Local\Temp\playwright-java-18253720800147272891\package\lib\server\dispatchers\frameDispatcher.js:152:30)
    at FrameDispatcher._handleCommand (C:\Users\admin\AppData\Local\Temp\playwright-java-18253720800147272891\package\lib\server\dispatchers\dispatcher.js:84:40)
    at DispatcherConnection.dispatch (C:\Users\admin\AppData\Local\Temp\playwright-java-18253720800147272891\package\lib\server\dispatchers\dispatcher.js:351:39)
}
Call log:
- waiting for getByText("Baby Gear (87) ")

	at com.microsoft.playwright.impl.Connection.dispatch(Connection.java:252)
	at com.microsoft.playwright.impl.Connection.processOneMessage(Connection.java:209)
	at com.microsoft.playwright.impl.ChannelOwner.runUntil(ChannelOwner.java:118)
	... 40 more
</textarea>
          
        </td>
      </tr>
      <tr class="event-row">
        <td><span class="badge log fail-bg">Fail</span></td>
        <td>5:48:15 PM</td>
        <td>
          Test 'count_results1' has failed
        </td>
      </tr>
      <tr class="event-row">
        <td><span class="badge log fail-bg">Fail</span></td>
        <td>5:48:15 PM</td>
        <td>
          Class: Test_Scripts_Package.Shop_By_Age
        </td>
      </tr>
      <tr class="event-row">
        <td><span class="badge log fail-bg">Fail</span></td>
        <td>5:48:15 PM</td>
        <td>
          Method: count_results1
        </td>
      </tr>
      <tr class="event-row">
        <td><span class="badge log fail-bg">Fail</span></td>
        <td>5:48:15 PM</td>
        <td>
          Timestamp: 1702469895475
        </td>
      </tr>
  </tbody>
</table>
</div>
          </div>
        </li>
        <li class="test-item"  status="pass" test-id="11"
          author=""
          tag=""
          device="">
          <div class="test-detail">
            <p class="name">Activites_for_kids_verify</p>
            <p class="text-sm">
              <span>5:48:20 PM</span> / <span>00:00:05:116</span>
              <span class="badge pass-bg log float-right">Pass</span>
            </p>
          </div>
          <div class="test-contents d-none">
<div class="detail-head">
<div class="p-v-10">
<div class="info">
<h5 class="test-status text-pass">Activites_for_kids_verify</h5>
<span class='badge badge-success'>12.13.2023 5:48:20 PM</span>
<span class='badge badge-danger'>12.13.2023 5:48:25 PM</span>
<span class='badge badge-default'>00:00:05:116</span>
&middot; <span class='uri-anchor badge badge-default'>#test-id=11</span>
<span class='badge badge-default pointer float-right ml-1 et'><i class="fa fa-chevron-down"></i></span>
<span class='badge badge-default pointer float-right ct'><i class="fa fa-chevron-up"></i></span>
</div>
</div>
</div><div class="detail-body mt-4">
<table class="table table-sm">
  <thead><tr><th class="status-col">Status</th><th class="timestamp-col">Timestamp</th><th class="details-col">Details</th></tr></thead>
  <tbody>
      <tr class="event-row">
        <td><span class="badge log pass-bg">Pass</span></td>
        <td>5:48:25 PM</td>
        <td>
          Test sucessful
        </td>
      </tr>
      <tr class="event-row">
        <td><span class="badge log pass-bg">Pass</span></td>
        <td>5:48:25 PM</td>
        <td>
          testcase_excuetion_suceessful
        </td>
      </tr>
  </tbody>
</table>
</div>
          </div>
        </li>
      </ul>
    </div>
  </div>
<div class="test-content scrollable">
<div class="test-content-tools">
<ul><li><a class="back-to-test" href="#"><i class="fa fa-arrow-left"></i></a></li></ul>
</div>
<div class="test-content-detail"><div class="detail-body"></div></div>
</div></div>
<div class="test-wrapper row view exception-view attributes-view">
<div class="test-list">
<div class="test-list-tools">
<ul class="tools pull-left"><li><a href=""><span class="font-size-14">Exception</span></a></li></ul>
<ul class="tools text-right"><li><a href="#"><span class="badge badge-primary">3</span></a></li></ul>
</div>
<div class="test-list-wrapper scrollable">
<ul class="test-list-item">
<li class="test-item">
<div class="test-detail">
<span class="meta">
<span class='badge log badge-danger'>1</span>
</span>
<p class="name">com.microsoft.playwright.TimeoutError</p>
<p class="duration text-sm">1 tests</p>
</div>
<div class="test-contents d-none">
<div class="info">
<h4>com.microsoft.playwright.TimeoutError</h4>
<span status="fail" class='badge log badge-danger'>1 failed</span>
</div>
<table class='table table-sm mt-4'>
<thead>
<tr>
<th class="status-col">Status</th>
<th class="timestamp-col">Timestamp</th>
<th>TestName</th>
</tr>
</thead>
<tbody>
<tr class="tag-test-status" status="fail">
<td><span class="badge log fail-bg">Fail</span></td>
<td>17:47:43 PM</td>
<td>
<a href="#" class="linked" test-id='10' id='10'>count_results1</a>
</td>
</tr>
</tbody>
</table>
</div>
</li>
<li class="test-item">
<div class="test-detail">
<span class="meta">
<span class='badge log badge-danger'>1</span>
</span>
<p class="name">org.opentest4j.AssertionFailedError</p>
<p class="duration text-sm">1 tests</p>
</div>
<div class="test-contents d-none">
<div class="info">
<h4>org.opentest4j.AssertionFailedError</h4>
<span status="fail" class='badge log badge-danger'>1 failed</span>
</div>
<table class='table table-sm mt-4'>
<thead>
<tr>
<th class="status-col">Status</th>
<th class="timestamp-col">Timestamp</th>
<th>TestName</th>
</tr>
</thead>
<tbody>
<tr class="tag-test-status" status="fail">
<td><span class="badge log fail-bg">Fail</span></td>
<td>17:46:58 PM</td>
<td>
<a href="#" class="linked" test-id='1' id='1'>Homepage_script_1</a>
</td>
</tr>
</tbody>
</table>
</div>
</li>
<li class="test-item">
<div class="test-detail">
<span class="meta">
<span class='badge log badge-danger'>1</span>
</span>
<p class="name">com.microsoft.playwright.PlaywrightException</p>
<p class="duration text-sm">1 tests</p>
</div>
<div class="test-contents d-none">
<div class="info">
<h4>com.microsoft.playwright.PlaywrightException</h4>
<span status="fail" class='badge log badge-danger'>1 failed</span>
</div>
<table class='table table-sm mt-4'>
<thead>
<tr>
<th class="status-col">Status</th>
<th class="timestamp-col">Timestamp</th>
<th>TestName</th>
</tr>
</thead>
<tbody>
<tr class="tag-test-status" status="fail">
<td><span class="badge log fail-bg">Fail</span></td>
<td>17:47:39 PM</td>
<td>
<a href="#" class="linked" test-id='8' id='8'>count_of_products1</a>
</td>
</tr>
</tbody>
</table>
</div>
</li>
</ul>
</div>
</div>
<div class="test-content scrollable">
<div class="test-content-detail">
<div class="detail-body"></div>
</div>
</div>
</div><div class="container-fluid p-4 view dashboard-view">
<div class="row">
<div class="col-md-3">
<div class="card"><div class="card-body">
<p class="m-b-0">Started</p>
<h3>Dec 13, 2023 05:46:54 PM</h3>
</div></div>
</div>
<div class="col-md-3">
<div class="card"><div class="card-body">
<p class="m-b-0">Ended</p>
<h3>Dec 13, 2023 05:48:25 PM</h3>
</div></div>
</div>
<div class="col-md-3">
<div class="card"><div class="card-body">
<p class="m-b-0 text-pass">Tests Passed</p>
<h3>8</h3>
</div></div>
</div>
<div class="col-md-3">
<div class="card"><div class="card-body">
<p class="m-b-0 text-fail">Tests Failed</p>
<h3>3</h3>
</div></div>
</div>
</div>
<div class="row">
<div class="col-md-6">
<div class="card">
<div class="card-header">
<h6 class="card-title">Tests</h6>
</div>
<div class="card-body">
<div class="">
<canvas id='parent-analysis' width='115' height='90'></canvas>
</div>
</div>
<div class="card-footer">
<div><small data-tooltip='72%'>
<b>8</b> tests passed
</small>
</div>
<div>
<small data-tooltip='27%'><b>3</b> tests failed,
<b>0</b> skipped, <b data-tooltip='0%'>0</b> others
</small>
</div>
</div>
</div>
</div>
<div class="col-md-6">
<div class="card">
<div class="card-header">
<h6 class="card-title">Log events</h6>
</div>
<div class="card-body">
<div class="">
<canvas id='events-analysis' width='115' height='90'></canvas>
</div>
</div>
<div class="card-footer">
<div><small data-tooltip='47%'><b>16</b> events passed</small></div>
<div>
<small data-tooltip='52%'><b>18</b> events failed,
<b data-tooltip='%'>0</b> others
</small>
</div>
</div>
</div>
</div>
</div>
<div class="row"><div class="col-md-12">
<div class="card"><div class="card-header"><p>Timeline</p></div>
<div class="card-body pt-0"><div>
<canvas id="timeline" height="120"></canvas>
</div></div>
</div>
</div></div>
<script>
var timeline = {
"Homepage_script_1":5.038,"Homepage_scripts_2":0.295,"Homepage_scripts_3":9.302,"Shop_options":6.114,"shop_all_funcationality":1.759,"shop_all_checkbox_validate":7.109,"six_to_twelve_months":3.787,"count_of_products1":3.264,"shop_by_age_12_to_24_months":0.673,"count_results1":32.018,"Activites_for_kids_verify":5.116
};
</script>
<div class="row">
<div class="col-lg-6 col-md-12 sysenv-container">
<div class="card">
<div class="card-header"><p>System/Environment</p></div>
<div class="card-body pb-0 pt-0"><table class="table table-sm table-bordered">
<thead><tr class="bg-gray"><th>Name</th><th>Value</th></tr></thead>
<tbody>
<tr>
<td>Browser</td>
<td>Chrome</td>
</tr>
<tr>
<td>OS</td>
<td>Windows 10</td>
</tr>
<tr>
<td>Environment</td>
<td>Staging</td>
</tr>
<tr>
<td>Tester</td>
<td>Harish_v</td>
</tr>
</tbody>
</table></div>
</div>
</div>
</div>
</div>
<script>
var statusGroup = {
parentCount: 5,
passParent: 8,
failParent: 3,
warningParent: 0,
skipParent: 0,
childCount: 5,
passChild: 0,
failChild: 0,
warningChild: 0,
skipChild: 0,
infoChild: 0,
grandChildCount: 5,
passGrandChild: 0,
failGrandChild: 0,
warningGrandChild: 0,
skipGrandChild: 0,
infoGrandChild: 0,
eventsCount: 5,
passEvents: 16,
failEvents: 18,
warningEvents: 0,
skipEvents: 0,
infoEvents: 0
};
</script>        </div>
      </div>
    </div>
  </div>
<script src="https://cdn.jsdelivr.net/gh/extent-framework/extent-github-cdn@d6562a79075e061305ccfdb82f01e5e195e2d307/spark/js/spark-script.js"></script>
<script type="text/javascript"></script></body>
</html>